2023-05-05T23:34:47.796Z [Modules] Modules initializing
2023-05-05T23:34:47.796Z [Modules] Distribution: remote
2023-05-05T23:34:47.796Z [Modules] Host updates: enabled
2023-05-05T23:34:47.796Z [Modules] Module updates: enabled
2023-05-05T23:34:47.796Z [Modules] Module install path: /home/iselein/.config/discord/0.0.27/modules
2023-05-05T23:34:47.796Z [Modules] Module installed file path: /home/iselein/.config/discord/0.0.27/modules/installed.json
2023-05-05T23:34:47.796Z [Modules] Module download path: /home/iselein/.config/discord/0.0.27/modules/pending
2023-05-05T23:34:47.916Z [Modules] Bootstrapping...
2023-05-05T23:34:47.917Z [Modules] Installing discord_desktop_core@0 from /opt/discord/resources/bootstrap/discord_desktop_core.zip
2023-05-05T23:34:47.917Z [Modules] Failed installing discord_desktop_core@0: Error: ENOENT: no such file or directory, open '/opt/discord/resources/bootstrap/discord_desktop_core.zip'
2023-05-05T23:34:47.918Z [Modules] Installing discord_erlpack@0 from /opt/discord/resources/bootstrap/discord_erlpack.zip
2023-05-05T23:34:47.918Z [Modules] Failed installing discord_erlpack@0: Error: ENOENT: no such file or directory, open '/opt/discord/resources/bootstrap/discord_erlpack.zip'
2023-05-05T23:34:47.919Z [Modules] Installing discord_spellcheck@0 from /opt/discord/resources/bootstrap/discord_spellcheck.zip
2023-05-05T23:34:47.919Z [Modules] Failed installing discord_spellcheck@0: Error: ENOENT: no such file or directory, open '/opt/discord/resources/bootstrap/discord_spellcheck.zip'
2023-05-05T23:34:47.921Z [Modules] Installing discord_utils@0 from /opt/discord/resources/bootstrap/discord_utils.zip
2023-05-05T23:34:47.921Z [Modules] Failed installing discord_utils@0: Error: ENOENT: no such file or directory, open '/opt/discord/resources/bootstrap/discord_utils.zip'
2023-05-05T23:34:47.921Z [Modules] Installing discord_voice@0 from /opt/discord/resources/bootstrap/discord_voice.zip
2023-05-05T23:34:47.922Z [Modules] Failed installing discord_voice@0: Error: ENOENT: no such file or directory, open '/opt/discord/resources/bootstrap/discord_voice.zip'
2023-05-05T23:34:47.922Z [Modules] Finished module installations. [success: 0] [failure: 5]
2023-05-05T23:34:47.922Z [Modules] Checking for host updates.
2023-05-05T23:34:48.098Z [Modules] Host is up to date.
2023-05-05T23:34:48.098Z [Modules] Checking for module updates at https://discord.com/api/modules/stable/versions.json
2023-05-05T23:34:48.141Z [Modules] Module update available: discord_desktop_core@1 [installed: 0]
2023-05-05T23:34:48.141Z [Modules] Module update available: discord_erlpack@1 [installed: 0]
2023-05-05T23:34:48.141Z [Modules] Module update available: discord_spellcheck@1 [installed: 0]
2023-05-05T23:34:48.141Z [Modules] Module update available: discord_utils@1 [installed: 0]
2023-05-05T23:34:48.141Z [Modules] Module update available: discord_voice@1 [installed: 0]
2023-05-05T23:34:48.141Z [Modules] Fetching discord_desktop_core@1 from https://discord.com/api/modules/stable/discord_desktop_core/1
2023-05-05T23:34:48.142Z [Modules] Streaming discord_desktop_core@1 to /home/iselein/.config/discord/0.0.27/modules/pending/discord_desktop_core-1.zip
2023-05-05T23:34:48.312Z [Modules] Streaming discord_desktop_core@1 to /home/iselein/.config/discord/0.0.27/modules/pending/discord_desktop_core-1.zip: 2%
2023-05-05T23:34:48.322Z [Modules] Streaming discord_desktop_core@1 to /home/iselein/.config/discord/0.0.27/modules/pending/discord_desktop_core-1.zip: 4%
2023-05-05T23:34:48.324Z [Modules] Streaming discord_desktop_core@1 to /home/iselein/.config/discord/0.0.27/modules/pending/discord_desktop_core-1.zip: 6%
2023-05-05T23:34:48.334Z [Modules] Streaming discord_desktop_core@1 to /home/iselein/.config/discord/0.0.27/modules/pending/discord_desktop_core-1.zip: 10%
2023-05-05T23:34:48.341Z [Modules] Streaming discord_desktop_core@1 to /home/iselein/.config/discord/0.0.27/modules/pending/discord_desktop_core-1.zip: 14%
2023-05-05T23:34:48.342Z [Modules] Streaming discord_desktop_core@1 to /home/iselein/.config/discord/0.0.27/modules/pending/discord_desktop_core-1.zip: 15%
2023-05-05T23:34:48.347Z [Modules] Streaming discord_desktop_core@1 to /home/iselein/.config/discord/0.0.27/modules/pending/discord_desktop_core-1.zip: 19%
2023-05-05T23:34:48.351Z [Modules] Streaming discord_desktop_core@1 to /home/iselein/.config/discord/0.0.27/modules/pending/discord_desktop_core-1.zip: 20%
2023-05-05T23:34:48.352Z [Modules] Streaming discord_desktop_core@1 to /home/iselein/.config/discord/0.0.27/modules/pending/discord_desktop_core-1.zip: 21%
2023-05-05T23:34:48.353Z [Modules] Streaming discord_desktop_core@1 to /home/iselein/.config/discord/0.0.27/modules/pending/discord_desktop_core-1.zip: 22%
2023-05-05T23:34:48.356Z [Modules] Streaming discord_desktop_core@1 to /home/iselein/.config/discord/0.0.27/modules/pending/discord_desktop_core-1.zip: 23%
2023-05-05T23:34:48.357Z [Modules] Streaming discord_desktop_core@1 to /home/iselein/.config/discord/0.0.27/modules/pending/discord_desktop_core-1.zip: 24%
2023-05-05T23:34:48.359Z [Modules] Streaming discord_desktop_core@1 to /home/iselein/.config/discord/0.0.27/modules/pending/discord_desktop_core-1.zip: 25%
2023-05-05T23:34:48.360Z [Modules] Streaming discord_desktop_core@1 to /home/iselein/.config/discord/0.0.27/modules/pending/discord_desktop_core-1.zip: 26%
2023-05-05T23:34:48.362Z [Modules] Streaming discord_desktop_core@1 to /home/iselein/.config/discord/0.0.27/modules/pending/discord_desktop_core-1.zip: 27%
2023-05-05T23:34:48.367Z [Modules] Streaming discord_desktop_core@1 to /home/iselein/.config/discord/0.0.27/modules/pending/discord_desktop_core-1.zip: 28%
2023-05-05T23:34:48.368Z [Modules] Streaming discord_desktop_core@1 to /home/iselein/.config/discord/0.0.27/modules/pending/discord_desktop_core-1.zip: 29%
2023-05-05T23:34:48.370Z [Modules] Streaming discord_desktop_core@1 to /home/iselein/.config/discord/0.0.27/modules/pending/discord_desktop_core-1.zip: 30%
2023-05-05T23:34:48.371Z [Modules] Streaming discord_desktop_core@1 to /home/iselein/.config/discord/0.0.27/modules/pending/discord_desktop_core-1.zip: 31%
2023-05-05T23:34:48.373Z [Modules] Streaming discord_desktop_core@1 to /home/iselein/.config/discord/0.0.27/modules/pending/discord_desktop_core-1.zip: 32%
2023-05-05T23:34:48.376Z [Modules] Streaming discord_desktop_core@1 to /home/iselein/.config/discord/0.0.27/modules/pending/discord_desktop_core-1.zip: 35%
2023-05-05T23:34:48.377Z [Modules] Streaming discord_desktop_core@1 to /home/iselein/.config/discord/0.0.27/modules/pending/discord_desktop_core-1.zip: 36%
2023-05-05T23:34:48.380Z [Modules] Streaming discord_desktop_core@1 to /home/iselein/.config/discord/0.0.27/modules/pending/discord_desktop_core-1.zip: 37%
2023-05-05T23:34:48.381Z [Modules] Streaming discord_desktop_core@1 to /home/iselein/.config/discord/0.0.27/modules/pending/discord_desktop_core-1.zip: 38%
2023-05-05T23:34:48.385Z [Modules] Streaming discord_desktop_core@1 to /home/iselein/.config/discord/0.0.27/modules/pending/discord_desktop_core-1.zip: 40%
2023-05-05T23:34:48.386Z [Modules] Streaming discord_desktop_core@1 to /home/iselein/.config/discord/0.0.27/modules/pending/discord_desktop_core-1.zip: 41%
2023-05-05T23:34:48.388Z [Modules] Streaming discord_desktop_core@1 to /home/iselein/.config/discord/0.0.27/modules/pending/discord_desktop_core-1.zip: 42%
2023-05-05T23:34:48.390Z [Modules] Streaming discord_desktop_core@1 to /home/iselein/.config/discord/0.0.27/modules/pending/discord_desktop_core-1.zip: 43%
2023-05-05T23:34:48.392Z [Modules] Streaming discord_desktop_core@1 to /home/iselein/.config/discord/0.0.27/modules/pending/discord_desktop_core-1.zip: 44%
2023-05-05T23:34:48.393Z [Modules] Streaming discord_desktop_core@1 to /home/iselein/.config/discord/0.0.27/modules/pending/discord_desktop_core-1.zip: 45%
2023-05-05T23:34:48.395Z [Modules] Streaming discord_desktop_core@1 to /home/iselein/.config/discord/0.0.27/modules/pending/discord_desktop_core-1.zip: 46%
2023-05-05T23:34:48.397Z [Modules] Streaming discord_desktop_core@1 to /home/iselein/.config/discord/0.0.27/modules/pending/discord_desktop_core-1.zip: 47%
2023-05-05T23:34:48.399Z [Modules] Streaming discord_desktop_core@1 to /home/iselein/.config/discord/0.0.27/modules/pending/discord_desktop_core-1.zip: 49%
2023-05-05T23:34:48.406Z [Modules] Streaming discord_desktop_core@1 to /home/iselein/.config/discord/0.0.27/modules/pending/discord_desktop_core-1.zip: 51%
2023-05-05T23:34:48.408Z [Modules] Streaming discord_desktop_core@1 to /home/iselein/.config/discord/0.0.27/modules/pending/discord_desktop_core-1.zip: 52%
2023-05-05T23:34:48.410Z [Modules] Streaming discord_desktop_core@1 to /home/iselein/.config/discord/0.0.27/modules/pending/discord_desktop_core-1.zip: 53%
2023-05-05T23:34:48.412Z [Modules] Streaming discord_desktop_core@1 to /home/iselein/.config/discord/0.0.27/modules/pending/discord_desktop_core-1.zip: 54%
2023-05-05T23:34:48.413Z [Modules] Streaming discord_desktop_core@1 to /home/iselein/.config/discord/0.0.27/modules/pending/discord_desktop_core-1.zip: 55%
2023-05-05T23:34:48.415Z [Modules] Streaming discord_desktop_core@1 to /home/iselein/.config/discord/0.0.27/modules/pending/discord_desktop_core-1.zip: 56%
2023-05-05T23:34:48.419Z [Modules] Streaming discord_desktop_core@1 to /home/iselein/.config/discord/0.0.27/modules/pending/discord_desktop_core-1.zip: 57%
2023-05-05T23:34:48.420Z [Modules] Streaming discord_desktop_core@1 to /home/iselein/.config/discord/0.0.27/modules/pending/discord_desktop_core-1.zip: 58%
2023-05-05T23:34:48.422Z [Modules] Streaming discord_desktop_core@1 to /home/iselein/.config/discord/0.0.27/modules/pending/discord_desktop_core-1.zip: 59%
2023-05-05T23:34:48.423Z [Modules] Streaming discord_desktop_core@1 to /home/iselein/.config/discord/0.0.27/modules/pending/discord_desktop_core-1.zip: 60%
2023-05-05T23:34:48.425Z [Modules] Streaming discord_desktop_core@1 to /home/iselein/.config/discord/0.0.27/modules/pending/discord_desktop_core-1.zip: 61%
2023-05-05T23:34:48.427Z [Modules] Streaming discord_desktop_core@1 to /home/iselein/.config/discord/0.0.27/modules/pending/discord_desktop_core-1.zip: 62%
2023-05-05T23:34:48.434Z [Modules] Streaming discord_desktop_core@1 to /home/iselein/.config/discord/0.0.27/modules/pending/discord_desktop_core-1.zip: 65%
2023-05-05T23:34:48.439Z [Modules] Streaming discord_desktop_core@1 to /home/iselein/.config/discord/0.0.27/modules/pending/discord_desktop_core-1.zip: 67%
2023-05-05T23:34:48.441Z [Modules] Streaming discord_desktop_core@1 to /home/iselein/.config/discord/0.0.27/modules/pending/discord_desktop_core-1.zip: 68%
2023-05-05T23:34:48.446Z [Modules] Streaming discord_desktop_core@1 to /home/iselein/.config/discord/0.0.27/modules/pending/discord_desktop_core-1.zip: 69%
2023-05-05T23:34:48.447Z [Modules] Streaming discord_desktop_core@1 to /home/iselein/.config/discord/0.0.27/modules/pending/discord_desktop_core-1.zip: 70%
2023-05-05T23:34:48.448Z [Modules] Streaming discord_desktop_core@1 to /home/iselein/.config/discord/0.0.27/modules/pending/discord_desktop_core-1.zip: 71%
2023-05-05T23:34:48.450Z [Modules] Streaming discord_desktop_core@1 to /home/iselein/.config/discord/0.0.27/modules/pending/discord_desktop_core-1.zip: 72%
2023-05-05T23:34:48.451Z [Modules] Streaming discord_desktop_core@1 to /home/iselein/.config/discord/0.0.27/modules/pending/discord_desktop_core-1.zip: 73%
2023-05-05T23:34:48.456Z [Modules] Streaming discord_desktop_core@1 to /home/iselein/.config/discord/0.0.27/modules/pending/discord_desktop_core-1.zip: 74%
2023-05-05T23:34:48.457Z [Modules] Streaming discord_desktop_core@1 to /home/iselein/.config/discord/0.0.27/modules/pending/discord_desktop_core-1.zip: 75%
2023-05-05T23:34:48.459Z [Modules] Streaming discord_desktop_core@1 to /home/iselein/.config/discord/0.0.27/modules/pending/discord_desktop_core-1.zip: 76%
2023-05-05T23:34:48.460Z [Modules] Streaming discord_desktop_core@1 to /home/iselein/.config/discord/0.0.27/modules/pending/discord_desktop_core-1.zip: 77%
2023-05-05T23:34:48.461Z [Modules] Streaming discord_desktop_core@1 to /home/iselein/.config/discord/0.0.27/modules/pending/discord_desktop_core-1.zip: 78%
2023-05-05T23:34:48.463Z [Modules] Streaming discord_desktop_core@1 to /home/iselein/.config/discord/0.0.27/modules/pending/discord_desktop_core-1.zip: 80%
2023-05-05T23:34:48.465Z [Modules] Streaming discord_desktop_core@1 to /home/iselein/.config/discord/0.0.27/modules/pending/discord_desktop_core-1.zip: 81%
2023-05-05T23:34:48.468Z [Modules] Streaming discord_desktop_core@1 to /home/iselein/.config/discord/0.0.27/modules/pending/discord_desktop_core-1.zip: 82%
2023-05-05T23:34:48.471Z [Modules] Streaming discord_desktop_core@1 to /home/iselein/.config/discord/0.0.27/modules/pending/discord_desktop_core-1.zip: 84%
2023-05-05T23:34:48.472Z [Modules] Streaming discord_desktop_core@1 to /home/iselein/.config/discord/0.0.27/modules/pending/discord_desktop_core-1.zip: 85%
2023-05-05T23:34:48.473Z [Modules] Streaming discord_desktop_core@1 to /home/iselein/.config/discord/0.0.27/modules/pending/discord_desktop_core-1.zip: 86%
2023-05-05T23:34:48.475Z [Modules] Streaming discord_desktop_core@1 to /home/iselein/.config/discord/0.0.27/modules/pending/discord_desktop_core-1.zip: 87%
2023-05-05T23:34:48.485Z [Modules] Streaming discord_desktop_core@1 to /home/iselein/.config/discord/0.0.27/modules/pending/discord_desktop_core-1.zip: 88%
2023-05-05T23:34:48.486Z [Modules] Streaming discord_desktop_core@1 to /home/iselein/.config/discord/0.0.27/modules/pending/discord_desktop_core-1.zip: 90%
2023-05-05T23:34:48.488Z [Modules] Streaming discord_desktop_core@1 to /home/iselein/.config/discord/0.0.27/modules/pending/discord_desktop_core-1.zip: 92%
2023-05-05T23:34:48.489Z [Modules] Streaming discord_desktop_core@1 to /home/iselein/.config/discord/0.0.27/modules/pending/discord_desktop_core-1.zip: 97%
2023-05-05T23:34:48.491Z [Modules] Streaming discord_desktop_core@1 to /home/iselein/.config/discord/0.0.27/modules/pending/discord_desktop_core-1.zip: 100%
2023-05-05T23:34:48.492Z [Modules] Fetching discord_erlpack@1 from https://discord.com/api/modules/stable/discord_erlpack/1
2023-05-05T23:34:48.492Z [Modules] Streaming discord_erlpack@1 to /home/iselein/.config/discord/0.0.27/modules/pending/discord_erlpack-1.zip
2023-05-05T23:34:48.620Z [Modules] Streaming discord_erlpack@1 to /home/iselein/.config/discord/0.0.27/modules/pending/discord_erlpack-1.zip: 1%
2023-05-05T23:34:48.622Z [Modules] Streaming discord_erlpack@1 to /home/iselein/.config/discord/0.0.27/modules/pending/discord_erlpack-1.zip: 2%
2023-05-05T23:34:48.624Z [Modules] Streaming discord_erlpack@1 to /home/iselein/.config/discord/0.0.27/modules/pending/discord_erlpack-1.zip: 3%
2023-05-05T23:34:48.634Z [Modules] Streaming discord_erlpack@1 to /home/iselein/.config/discord/0.0.27/modules/pending/discord_erlpack-1.zip: 4%
2023-05-05T23:34:48.636Z [Modules] Streaming discord_erlpack@1 to /home/iselein/.config/discord/0.0.27/modules/pending/discord_erlpack-1.zip: 5%
2023-05-05T23:34:48.637Z [Modules] Streaming discord_erlpack@1 to /home/iselein/.config/discord/0.0.27/modules/pending/discord_erlpack-1.zip: 6%
2023-05-05T23:34:48.639Z [Modules] Streaming discord_erlpack@1 to /home/iselein/.config/discord/0.0.27/modules/pending/discord_erlpack-1.zip: 7%
2023-05-05T23:34:48.640Z [Modules] Streaming discord_erlpack@1 to /home/iselein/.config/discord/0.0.27/modules/pending/discord_erlpack-1.zip: 8%
2023-05-05T23:34:48.642Z [Modules] Streaming discord_erlpack@1 to /home/iselein/.config/discord/0.0.27/modules/pending/discord_erlpack-1.zip: 9%
2023-05-05T23:34:48.643Z [Modules] Streaming discord_erlpack@1 to /home/iselein/.config/discord/0.0.27/modules/pending/discord_erlpack-1.zip: 10%
2023-05-05T23:34:48.645Z [Modules] Streaming discord_erlpack@1 to /home/iselein/.config/discord/0.0.27/modules/pending/discord_erlpack-1.zip: 11%
2023-05-05T23:34:48.646Z [Modules] Streaming discord_erlpack@1 to /home/iselein/.config/discord/0.0.27/modules/pending/discord_erlpack-1.zip: 12%
2023-05-05T23:34:48.648Z [Modules] Streaming discord_erlpack@1 to /home/iselein/.config/discord/0.0.27/modules/pending/discord_erlpack-1.zip: 13%
2023-05-05T23:34:48.649Z [Modules] Streaming discord_erlpack@1 to /home/iselein/.config/discord/0.0.27/modules/pending/discord_erlpack-1.zip: 14%
2023-05-05T23:34:48.652Z [Modules] Streaming discord_erlpack@1 to /home/iselein/.config/discord/0.0.27/modules/pending/discord_erlpack-1.zip: 18%
2023-05-05T23:34:48.655Z [Modules] Streaming discord_erlpack@1 to /home/iselein/.config/discord/0.0.27/modules/pending/discord_erlpack-1.zip: 22%
2023-05-05T23:34:48.659Z [Modules] Streaming discord_erlpack@1 to /home/iselein/.config/discord/0.0.27/modules/pending/discord_erlpack-1.zip: 24%
2023-05-05T23:34:48.660Z [Modules] Streaming discord_erlpack@1 to /home/iselein/.config/discord/0.0.27/modules/pending/discord_erlpack-1.zip: 25%
2023-05-05T23:34:48.663Z [Modules] Streaming discord_erlpack@1 to /home/iselein/.config/discord/0.0.27/modules/pending/discord_erlpack-1.zip: 26%
2023-05-05T23:34:48.664Z [Modules] Streaming discord_erlpack@1 to /home/iselein/.config/discord/0.0.27/modules/pending/discord_erlpack-1.zip: 27%
2023-05-05T23:34:48.666Z [Modules] Streaming discord_erlpack@1 to /home/iselein/.config/discord/0.0.27/modules/pending/discord_erlpack-1.zip: 28%
2023-05-05T23:34:48.667Z [Modules] Streaming discord_erlpack@1 to /home/iselein/.config/discord/0.0.27/modules/pending/discord_erlpack-1.zip: 29%
2023-05-05T23:34:48.669Z [Modules] Streaming discord_erlpack@1 to /home/iselein/.config/discord/0.0.27/modules/pending/discord_erlpack-1.zip: 30%
2023-05-05T23:34:48.671Z [Modules] Streaming discord_erlpack@1 to /home/iselein/.config/discord/0.0.27/modules/pending/discord_erlpack-1.zip: 31%
2023-05-05T23:34:48.675Z [Modules] Streaming discord_erlpack@1 to /home/iselein/.config/discord/0.0.27/modules/pending/discord_erlpack-1.zip: 33%
2023-05-05T23:34:48.677Z [Modules] Streaming discord_erlpack@1 to /home/iselein/.config/discord/0.0.27/modules/pending/discord_erlpack-1.zip: 34%
2023-05-05T23:34:48.699Z [Modules] Streaming discord_erlpack@1 to /home/iselein/.config/discord/0.0.27/modules/pending/discord_erlpack-1.zip: 36%
2023-05-05T23:34:48.719Z [Modules] Streaming discord_erlpack@1 to /home/iselein/.config/discord/0.0.27/modules/pending/discord_erlpack-1.zip: 39%
2023-05-05T23:34:48.740Z [Modules] Streaming discord_erlpack@1 to /home/iselein/.config/discord/0.0.27/modules/pending/discord_erlpack-1.zip: 40%
2023-05-05T23:34:48.746Z [Modules] Streaming discord_erlpack@1 to /home/iselein/.config/discord/0.0.27/modules/pending/discord_erlpack-1.zip: 43%
2023-05-05T23:34:48.786Z [Modules] Streaming discord_erlpack@1 to /home/iselein/.config/discord/0.0.27/modules/pending/discord_erlpack-1.zip: 47%
2023-05-05T23:34:48.787Z [Modules] Streaming discord_erlpack@1 to /home/iselein/.config/discord/0.0.27/modules/pending/discord_erlpack-1.zip: 52%
2023-05-05T23:34:48.788Z [Modules] Streaming discord_erlpack@1 to /home/iselein/.config/discord/0.0.27/modules/pending/discord_erlpack-1.zip: 59%
2023-05-05T23:34:48.797Z [Modules] Streaming discord_erlpack@1 to /home/iselein/.config/discord/0.0.27/modules/pending/discord_erlpack-1.zip: 61%
2023-05-05T23:34:48.816Z [Modules] Streaming discord_erlpack@1 to /home/iselein/.config/discord/0.0.27/modules/pending/discord_erlpack-1.zip: 65%
2023-05-05T23:34:48.816Z [Modules] Streaming discord_erlpack@1 to /home/iselein/.config/discord/0.0.27/modules/pending/discord_erlpack-1.zip: 66%
2023-05-05T23:34:48.838Z [Modules] Streaming discord_erlpack@1 to /home/iselein/.config/discord/0.0.27/modules/pending/discord_erlpack-1.zip: 68%
2023-05-05T23:34:48.847Z [Modules] Streaming discord_erlpack@1 to /home/iselein/.config/discord/0.0.27/modules/pending/discord_erlpack-1.zip: 70%
2023-05-05T23:34:48.851Z [Modules] Streaming discord_erlpack@1 to /home/iselein/.config/discord/0.0.27/modules/pending/discord_erlpack-1.zip: 71%
2023-05-05T23:34:48.868Z [Modules] Streaming discord_erlpack@1 to /home/iselein/.config/discord/0.0.27/modules/pending/discord_erlpack-1.zip: 72%
2023-05-05T23:34:48.870Z [Modules] Streaming discord_erlpack@1 to /home/iselein/.config/discord/0.0.27/modules/pending/discord_erlpack-1.zip: 75%
2023-05-05T23:34:48.872Z [Modules] Streaming discord_erlpack@1 to /home/iselein/.config/discord/0.0.27/modules/pending/discord_erlpack-1.zip: 76%
2023-05-05T23:34:48.889Z [Modules] Streaming discord_erlpack@1 to /home/iselein/.config/discord/0.0.27/modules/pending/discord_erlpack-1.zip: 80%
2023-05-05T23:34:48.893Z [Modules] Streaming discord_erlpack@1 to /home/iselein/.config/discord/0.0.27/modules/pending/discord_erlpack-1.zip: 83%
2023-05-05T23:34:48.897Z [Modules] Streaming discord_erlpack@1 to /home/iselein/.config/discord/0.0.27/modules/pending/discord_erlpack-1.zip: 84%
2023-05-05T23:34:48.902Z [Modules] Streaming discord_erlpack@1 to /home/iselein/.config/discord/0.0.27/modules/pending/discord_erlpack-1.zip: 85%
2023-05-05T23:34:48.905Z [Modules] Streaming discord_erlpack@1 to /home/iselein/.config/discord/0.0.27/modules/pending/discord_erlpack-1.zip: 86%
2023-05-05T23:34:48.911Z [Modules] Streaming discord_erlpack@1 to /home/iselein/.config/discord/0.0.27/modules/pending/discord_erlpack-1.zip: 87%
2023-05-05T23:34:48.915Z [Modules] Streaming discord_erlpack@1 to /home/iselein/.config/discord/0.0.27/modules/pending/discord_erlpack-1.zip: 88%
2023-05-05T23:34:48.920Z [Modules] Streaming discord_erlpack@1 to /home/iselein/.config/discord/0.0.27/modules/pending/discord_erlpack-1.zip: 89%
2023-05-05T23:34:48.924Z [Modules] Streaming discord_erlpack@1 to /home/iselein/.config/discord/0.0.27/modules/pending/discord_erlpack-1.zip: 90%
2023-05-05T23:34:48.929Z [Modules] Streaming discord_erlpack@1 to /home/iselein/.config/discord/0.0.27/modules/pending/discord_erlpack-1.zip: 91%
2023-05-05T23:34:48.933Z [Modules] Streaming discord_erlpack@1 to /home/iselein/.config/discord/0.0.27/modules/pending/discord_erlpack-1.zip: 92%
2023-05-05T23:34:48.942Z [Modules] Streaming discord_erlpack@1 to /home/iselein/.config/discord/0.0.27/modules/pending/discord_erlpack-1.zip: 93%
2023-05-05T23:34:48.947Z [Modules] Streaming discord_erlpack@1 to /home/iselein/.config/discord/0.0.27/modules/pending/discord_erlpack-1.zip: 94%
2023-05-05T23:34:48.950Z [Modules] Streaming discord_erlpack@1 to /home/iselein/.config/discord/0.0.27/modules/pending/discord_erlpack-1.zip: 95%
2023-05-05T23:34:48.954Z [Modules] Streaming discord_erlpack@1 to /home/iselein/.config/discord/0.0.27/modules/pending/discord_erlpack-1.zip: 96%
2023-05-05T23:34:48.957Z [Modules] Streaming discord_erlpack@1 to /home/iselein/.config/discord/0.0.27/modules/pending/discord_erlpack-1.zip: 97%
2023-05-05T23:34:48.961Z [Modules] Streaming discord_erlpack@1 to /home/iselein/.config/discord/0.0.27/modules/pending/discord_erlpack-1.zip: 98%
2023-05-05T23:34:48.967Z [Modules] Streaming discord_erlpack@1 to /home/iselein/.config/discord/0.0.27/modules/pending/discord_erlpack-1.zip: 99%
2023-05-05T23:34:48.968Z [Modules] Streaming discord_erlpack@1 to /home/iselein/.config/discord/0.0.27/modules/pending/discord_erlpack-1.zip: 100%
2023-05-05T23:34:48.970Z [Modules] Fetching discord_spellcheck@1 from https://discord.com/api/modules/stable/discord_spellcheck/1
2023-05-05T23:34:48.970Z [Modules] Streaming discord_spellcheck@1 to /home/iselein/.config/discord/0.0.27/modules/pending/discord_spellcheck-1.zip
2023-05-05T23:34:49.129Z [Modules] Streaming discord_spellcheck@1 to /home/iselein/.config/discord/0.0.27/modules/pending/discord_spellcheck-1.zip: 1%
2023-05-05T23:34:49.158Z [Modules] Streaming discord_spellcheck@1 to /home/iselein/.config/discord/0.0.27/modules/pending/discord_spellcheck-1.zip: 2%
2023-05-05T23:34:49.186Z [Modules] Streaming discord_spellcheck@1 to /home/iselein/.config/discord/0.0.27/modules/pending/discord_spellcheck-1.zip: 3%
2023-05-05T23:34:49.215Z [Modules] Streaming discord_spellcheck@1 to /home/iselein/.config/discord/0.0.27/modules/pending/discord_spellcheck-1.zip: 4%
2023-05-05T23:34:49.241Z [Modules] Streaming discord_spellcheck@1 to /home/iselein/.config/discord/0.0.27/modules/pending/discord_spellcheck-1.zip: 5%
2023-05-05T23:34:49.274Z [Modules] Streaming discord_spellcheck@1 to /home/iselein/.config/discord/0.0.27/modules/pending/discord_spellcheck-1.zip: 6%
2023-05-05T23:34:49.305Z [Modules] Streaming discord_spellcheck@1 to /home/iselein/.config/discord/0.0.27/modules/pending/discord_spellcheck-1.zip: 7%
2023-05-05T23:34:49.330Z [Modules] Streaming discord_spellcheck@1 to /home/iselein/.config/discord/0.0.27/modules/pending/discord_spellcheck-1.zip: 8%
2023-05-05T23:34:49.363Z [Modules] Streaming discord_spellcheck@1 to /home/iselein/.config/discord/0.0.27/modules/pending/discord_spellcheck-1.zip: 9%
2023-05-05T23:34:49.385Z [Modules] Streaming discord_spellcheck@1 to /home/iselein/.config/discord/0.0.27/modules/pending/discord_spellcheck-1.zip: 10%
2023-05-05T23:34:49.417Z [Modules] Streaming discord_spellcheck@1 to /home/iselein/.config/discord/0.0.27/modules/pending/discord_spellcheck-1.zip: 11%
2023-05-05T23:34:49.445Z [Modules] Streaming discord_spellcheck@1 to /home/iselein/.config/discord/0.0.27/modules/pending/discord_spellcheck-1.zip: 12%
2023-05-05T23:34:49.476Z [Modules] Streaming discord_spellcheck@1 to /home/iselein/.config/discord/0.0.27/modules/pending/discord_spellcheck-1.zip: 13%
2023-05-05T23:34:49.502Z [Modules] Streaming discord_spellcheck@1 to /home/iselein/.config/discord/0.0.27/modules/pending/discord_spellcheck-1.zip: 14%
2023-05-05T23:34:49.529Z [Modules] Streaming discord_spellcheck@1 to /home/iselein/.config/discord/0.0.27/modules/pending/discord_spellcheck-1.zip: 15%
2023-05-05T23:34:49.557Z [Modules] Streaming discord_spellcheck@1 to /home/iselein/.config/discord/0.0.27/modules/pending/discord_spellcheck-1.zip: 16%
2023-05-05T23:34:49.590Z [Modules] Streaming discord_spellcheck@1 to /home/iselein/.config/discord/0.0.27/modules/pending/discord_spellcheck-1.zip: 17%
2023-05-05T23:34:49.618Z [Modules] Streaming discord_spellcheck@1 to /home/iselein/.config/discord/0.0.27/modules/pending/discord_spellcheck-1.zip: 18%
2023-05-05T23:34:49.646Z [Modules] Streaming discord_spellcheck@1 to /home/iselein/.config/discord/0.0.27/modules/pending/discord_spellcheck-1.zip: 19%
2023-05-05T23:34:49.673Z [Modules] Streaming discord_spellcheck@1 to /home/iselein/.config/discord/0.0.27/modules/pending/discord_spellcheck-1.zip: 20%
2023-05-05T23:34:49.699Z [Modules] Streaming discord_spellcheck@1 to /home/iselein/.config/discord/0.0.27/modules/pending/discord_spellcheck-1.zip: 21%
2023-05-05T23:34:49.728Z [Modules] Streaming discord_spellcheck@1 to /home/iselein/.config/discord/0.0.27/modules/pending/discord_spellcheck-1.zip: 22%
2023-05-05T23:34:49.751Z [Modules] Streaming discord_spellcheck@1 to /home/iselein/.config/discord/0.0.27/modules/pending/discord_spellcheck-1.zip: 23%
2023-05-05T23:34:49.777Z [Modules] Streaming discord_spellcheck@1 to /home/iselein/.config/discord/0.0.27/modules/pending/discord_spellcheck-1.zip: 24%
2023-05-05T23:34:49.797Z [Modules] Streaming discord_spellcheck@1 to /home/iselein/.config/discord/0.0.27/modules/pending/discord_spellcheck-1.zip: 25%
2023-05-05T23:34:49.815Z [Modules] Streaming discord_spellcheck@1 to /home/iselein/.config/discord/0.0.27/modules/pending/discord_spellcheck-1.zip: 26%
2023-05-05T23:34:49.836Z [Modules] Streaming discord_spellcheck@1 to /home/iselein/.config/discord/0.0.27/modules/pending/discord_spellcheck-1.zip: 27%
2023-05-05T23:34:49.859Z [Modules] Streaming discord_spellcheck@1 to /home/iselein/.config/discord/0.0.27/modules/pending/discord_spellcheck-1.zip: 28%
2023-05-05T23:34:49.881Z [Modules] Streaming discord_spellcheck@1 to /home/iselein/.config/discord/0.0.27/modules/pending/discord_spellcheck-1.zip: 29%
2023-05-05T23:34:49.898Z [Modules] Streaming discord_spellcheck@1 to /home/iselein/.config/discord/0.0.27/modules/pending/discord_spellcheck-1.zip: 30%
2023-05-05T23:34:49.917Z [Modules] Streaming discord_spellcheck@1 to /home/iselein/.config/discord/0.0.27/modules/pending/discord_spellcheck-1.zip: 31%
2023-05-05T23:34:49.936Z [Modules] Streaming discord_spellcheck@1 to /home/iselein/.config/discord/0.0.27/modules/pending/discord_spellcheck-1.zip: 32%
2023-05-05T23:34:49.955Z [Modules] Streaming discord_spellcheck@1 to /home/iselein/.config/discord/0.0.27/modules/pending/discord_spellcheck-1.zip: 33%
2023-05-05T23:34:49.972Z [Modules] Streaming discord_spellcheck@1 to /home/iselein/.config/discord/0.0.27/modules/pending/discord_spellcheck-1.zip: 34%
2023-05-05T23:34:49.990Z [Modules] Streaming discord_spellcheck@1 to /home/iselein/.config/discord/0.0.27/modules/pending/discord_spellcheck-1.zip: 35%
2023-05-05T23:34:50.006Z [Modules] Streaming discord_spellcheck@1 to /home/iselein/.config/discord/0.0.27/modules/pending/discord_spellcheck-1.zip: 36%
2023-05-05T23:34:50.039Z [Modules] Streaming discord_spellcheck@1 to /home/iselein/.config/discord/0.0.27/modules/pending/discord_spellcheck-1.zip: 37%
2023-05-05T23:34:50.085Z [Modules] Streaming discord_spellcheck@1 to /home/iselein/.config/discord/0.0.27/modules/pending/discord_spellcheck-1.zip: 38%
2023-05-05T23:34:50.128Z [Modules] Streaming discord_spellcheck@1 to /home/iselein/.config/discord/0.0.27/modules/pending/discord_spellcheck-1.zip: 39%
2023-05-05T23:34:50.129Z [Modules] Streaming discord_spellcheck@1 to /home/iselein/.config/discord/0.0.27/modules/pending/discord_spellcheck-1.zip: 40%
2023-05-05T23:34:50.149Z [Modules] Streaming discord_spellcheck@1 to /home/iselein/.config/discord/0.0.27/modules/pending/discord_spellcheck-1.zip: 41%
2023-05-05T23:34:50.176Z [Modules] Streaming discord_spellcheck@1 to /home/iselein/.config/discord/0.0.27/modules/pending/discord_spellcheck-1.zip: 42%
2023-05-05T23:34:50.206Z [Modules] Streaming discord_spellcheck@1 to /home/iselein/.config/discord/0.0.27/modules/pending/discord_spellcheck-1.zip: 43%
2023-05-05T23:34:50.234Z [Modules] Streaming discord_spellcheck@1 to /home/iselein/.config/discord/0.0.27/modules/pending/discord_spellcheck-1.zip: 44%
2023-05-05T23:34:50.268Z [Modules] Streaming discord_spellcheck@1 to /home/iselein/.config/discord/0.0.27/modules/pending/discord_spellcheck-1.zip: 45%
2023-05-05T23:34:50.297Z [Modules] Streaming discord_spellcheck@1 to /home/iselein/.config/discord/0.0.27/modules/pending/discord_spellcheck-1.zip: 46%
2023-05-05T23:34:50.324Z [Modules] Streaming discord_spellcheck@1 to /home/iselein/.config/discord/0.0.27/modules/pending/discord_spellcheck-1.zip: 47%
2023-05-05T23:34:50.353Z [Modules] Streaming discord_spellcheck@1 to /home/iselein/.config/discord/0.0.27/modules/pending/discord_spellcheck-1.zip: 48%
2023-05-05T23:34:50.431Z [Modules] Streaming discord_spellcheck@1 to /home/iselein/.config/discord/0.0.27/modules/pending/discord_spellcheck-1.zip: 49%
2023-05-05T23:34:50.463Z [Modules] Streaming discord_spellcheck@1 to /home/iselein/.config/discord/0.0.27/modules/pending/discord_spellcheck-1.zip: 50%
2023-05-05T23:34:50.491Z [Modules] Streaming discord_spellcheck@1 to /home/iselein/.config/discord/0.0.27/modules/pending/discord_spellcheck-1.zip: 51%
2023-05-05T23:34:50.520Z [Modules] Streaming discord_spellcheck@1 to /home/iselein/.config/discord/0.0.27/modules/pending/discord_spellcheck-1.zip: 52%
2023-05-05T23:34:50.547Z [Modules] Streaming discord_spellcheck@1 to /home/iselein/.config/discord/0.0.27/modules/pending/discord_spellcheck-1.zip: 53%
2023-05-05T23:34:50.577Z [Modules] Streaming discord_spellcheck@1 to /home/iselein/.config/discord/0.0.27/modules/pending/discord_spellcheck-1.zip: 54%
2023-05-05T23:34:50.615Z [Modules] Streaming discord_spellcheck@1 to /home/iselein/.config/discord/0.0.27/modules/pending/discord_spellcheck-1.zip: 55%
2023-05-05T23:34:50.638Z [Modules] Streaming discord_spellcheck@1 to /home/iselein/.config/discord/0.0.27/modules/pending/discord_spellcheck-1.zip: 56%
2023-05-05T23:34:50.667Z [Modules] Streaming discord_spellcheck@1 to /home/iselein/.config/discord/0.0.27/modules/pending/discord_spellcheck-1.zip: 57%
2023-05-05T23:34:50.696Z [Modules] Streaming discord_spellcheck@1 to /home/iselein/.config/discord/0.0.27/modules/pending/discord_spellcheck-1.zip: 58%
2023-05-05T23:34:50.724Z [Modules] Streaming discord_spellcheck@1 to /home/iselein/.config/discord/0.0.27/modules/pending/discord_spellcheck-1.zip: 59%
2023-05-05T23:34:50.753Z [Modules] Streaming discord_spellcheck@1 to /home/iselein/.config/discord/0.0.27/modules/pending/discord_spellcheck-1.zip: 60%
2023-05-05T23:34:50.785Z [Modules] Streaming discord_spellcheck@1 to /home/iselein/.config/discord/0.0.27/modules/pending/discord_spellcheck-1.zip: 61%
2023-05-05T23:34:50.810Z [Modules] Streaming discord_spellcheck@1 to /home/iselein/.config/discord/0.0.27/modules/pending/discord_spellcheck-1.zip: 62%
2023-05-05T23:34:50.836Z [Modules] Streaming discord_spellcheck@1 to /home/iselein/.config/discord/0.0.27/modules/pending/discord_spellcheck-1.zip: 63%
2023-05-05T23:34:50.860Z [Modules] Streaming discord_spellcheck@1 to /home/iselein/.config/discord/0.0.27/modules/pending/discord_spellcheck-1.zip: 64%
2023-05-05T23:34:50.885Z [Modules] Streaming discord_spellcheck@1 to /home/iselein/.config/discord/0.0.27/modules/pending/discord_spellcheck-1.zip: 65%
2023-05-05T23:34:50.910Z [Modules] Streaming discord_spellcheck@1 to /home/iselein/.config/discord/0.0.27/modules/pending/discord_spellcheck-1.zip: 66%
2023-05-05T23:34:50.938Z [Modules] Streaming discord_spellcheck@1 to /home/iselein/.config/discord/0.0.27/modules/pending/discord_spellcheck-1.zip: 67%
2023-05-05T23:34:50.962Z [Modules] Streaming discord_spellcheck@1 to /home/iselein/.config/discord/0.0.27/modules/pending/discord_spellcheck-1.zip: 68%
2023-05-05T23:34:50.985Z [Modules] Streaming discord_spellcheck@1 to /home/iselein/.config/discord/0.0.27/modules/pending/discord_spellcheck-1.zip: 69%
2023-05-05T23:34:51.006Z [Modules] Streaming discord_spellcheck@1 to /home/iselein/.config/discord/0.0.27/modules/pending/discord_spellcheck-1.zip: 70%
2023-05-05T23:34:51.030Z [Modules] Streaming discord_spellcheck@1 to /home/iselein/.config/discord/0.0.27/modules/pending/discord_spellcheck-1.zip: 71%
2023-05-05T23:34:51.054Z [Modules] Streaming discord_spellcheck@1 to /home/iselein/.config/discord/0.0.27/modules/pending/discord_spellcheck-1.zip: 72%
2023-05-05T23:34:51.073Z [Modules] Streaming discord_spellcheck@1 to /home/iselein/.config/discord/0.0.27/modules/pending/discord_spellcheck-1.zip: 73%
2023-05-05T23:34:51.097Z [Modules] Streaming discord_spellcheck@1 to /home/iselein/.config/discord/0.0.27/modules/pending/discord_spellcheck-1.zip: 74%
2023-05-05T23:34:51.129Z [Modules] Streaming discord_spellcheck@1 to /home/iselein/.config/discord/0.0.27/modules/pending/discord_spellcheck-1.zip: 75%
2023-05-05T23:34:51.156Z [Modules] Streaming discord_spellcheck@1 to /home/iselein/.config/discord/0.0.27/modules/pending/discord_spellcheck-1.zip: 76%
2023-05-05T23:34:51.206Z [Modules] Streaming discord_spellcheck@1 to /home/iselein/.config/discord/0.0.27/modules/pending/discord_spellcheck-1.zip: 77%
2023-05-05T23:34:51.234Z [Modules] Streaming discord_spellcheck@1 to /home/iselein/.config/discord/0.0.27/modules/pending/discord_spellcheck-1.zip: 78%
2023-05-05T23:34:51.242Z [Modules] Streaming discord_spellcheck@1 to /home/iselein/.config/discord/0.0.27/modules/pending/discord_spellcheck-1.zip: 79%
2023-05-05T23:34:51.265Z [Modules] Streaming discord_spellcheck@1 to /home/iselein/.config/discord/0.0.27/modules/pending/discord_spellcheck-1.zip: 80%
2023-05-05T23:34:51.301Z [Modules] Streaming discord_spellcheck@1 to /home/iselein/.config/discord/0.0.27/modules/pending/discord_spellcheck-1.zip: 81%
2023-05-05T23:34:51.319Z [Modules] Streaming discord_spellcheck@1 to /home/iselein/.config/discord/0.0.27/modules/pending/discord_spellcheck-1.zip: 82%
2023-05-05T23:34:51.352Z [Modules] Streaming discord_spellcheck@1 to /home/iselein/.config/discord/0.0.27/modules/pending/discord_spellcheck-1.zip: 83%
2023-05-05T23:34:51.380Z [Modules] Streaming discord_spellcheck@1 to /home/iselein/.config/discord/0.0.27/modules/pending/discord_spellcheck-1.zip: 84%
2023-05-05T23:34:51.407Z [Modules] Streaming discord_spellcheck@1 to /home/iselein/.config/discord/0.0.27/modules/pending/discord_spellcheck-1.zip: 85%
2023-05-05T23:34:51.438Z [Modules] Streaming discord_spellcheck@1 to /home/iselein/.config/discord/0.0.27/modules/pending/discord_spellcheck-1.zip: 86%
2023-05-05T23:34:51.521Z [Modules] Streaming discord_spellcheck@1 to /home/iselein/.config/discord/0.0.27/modules/pending/discord_spellcheck-1.zip: 87%
2023-05-05T23:34:51.548Z [Modules] Streaming discord_spellcheck@1 to /home/iselein/.config/discord/0.0.27/modules/pending/discord_spellcheck-1.zip: 88%
2023-05-05T23:34:51.579Z [Modules] Streaming discord_spellcheck@1 to /home/iselein/.config/discord/0.0.27/modules/pending/discord_spellcheck-1.zip: 89%
2023-05-05T23:34:51.607Z [Modules] Streaming discord_spellcheck@1 to /home/iselein/.config/discord/0.0.27/modules/pending/discord_spellcheck-1.zip: 90%
2023-05-05T23:34:51.635Z [Modules] Streaming discord_spellcheck@1 to /home/iselein/.config/discord/0.0.27/modules/pending/discord_spellcheck-1.zip: 91%
2023-05-05T23:34:51.665Z [Modules] Streaming discord_spellcheck@1 to /home/iselein/.config/discord/0.0.27/modules/pending/discord_spellcheck-1.zip: 92%
2023-05-05T23:34:51.691Z [Modules] Streaming discord_spellcheck@1 to /home/iselein/.config/discord/0.0.27/modules/pending/discord_spellcheck-1.zip: 93%
2023-05-05T23:34:51.723Z [Modules] Streaming discord_spellcheck@1 to /home/iselein/.config/discord/0.0.27/modules/pending/discord_spellcheck-1.zip: 94%
2023-05-05T23:34:51.785Z [Modules] Streaming discord_spellcheck@1 to /home/iselein/.config/discord/0.0.27/modules/pending/discord_spellcheck-1.zip: 95%
2023-05-05T23:34:51.798Z [Modules] Streaming discord_spellcheck@1 to /home/iselein/.config/discord/0.0.27/modules/pending/discord_spellcheck-1.zip: 96%
2023-05-05T23:34:51.825Z [Modules] Streaming discord_spellcheck@1 to /home/iselein/.config/discord/0.0.27/modules/pending/discord_spellcheck-1.zip: 97%
2023-05-05T23:34:51.854Z [Modules] Streaming discord_spellcheck@1 to /home/iselein/.config/discord/0.0.27/modules/pending/discord_spellcheck-1.zip: 98%
2023-05-05T23:34:51.881Z [Modules] Streaming discord_spellcheck@1 to /home/iselein/.config/discord/0.0.27/modules/pending/discord_spellcheck-1.zip: 99%
2023-05-05T23:34:51.907Z [Modules] Streaming discord_spellcheck@1 to /home/iselein/.config/discord/0.0.27/modules/pending/discord_spellcheck-1.zip: 100%
2023-05-05T23:34:51.909Z [Modules] Fetching discord_utils@1 from https://discord.com/api/modules/stable/discord_utils/1
2023-05-05T23:34:51.909Z [Modules] Streaming discord_utils@1 to /home/iselein/.config/discord/0.0.27/modules/pending/discord_utils-1.zip
2023-05-05T23:34:52.105Z [Modules] Streaming discord_utils@1 to /home/iselein/.config/discord/0.0.27/modules/pending/discord_utils-1.zip: 1%
2023-05-05T23:34:52.116Z [Modules] Streaming discord_utils@1 to /home/iselein/.config/discord/0.0.27/modules/pending/discord_utils-1.zip: 2%
2023-05-05T23:34:52.123Z [Modules] Streaming discord_utils@1 to /home/iselein/.config/discord/0.0.27/modules/pending/discord_utils-1.zip: 3%
2023-05-05T23:34:52.130Z [Modules] Streaming discord_utils@1 to /home/iselein/.config/discord/0.0.27/modules/pending/discord_utils-1.zip: 4%
2023-05-05T23:34:52.142Z [Modules] Streaming discord_utils@1 to /home/iselein/.config/discord/0.0.27/modules/pending/discord_utils-1.zip: 5%
2023-05-05T23:34:52.150Z [Modules] Streaming discord_utils@1 to /home/iselein/.config/discord/0.0.27/modules/pending/discord_utils-1.zip: 6%
2023-05-05T23:34:52.157Z [Modules] Streaming discord_utils@1 to /home/iselein/.config/discord/0.0.27/modules/pending/discord_utils-1.zip: 7%
2023-05-05T23:34:52.159Z [Modules] Streaming discord_utils@1 to /home/iselein/.config/discord/0.0.27/modules/pending/discord_utils-1.zip: 8%
2023-05-05T23:34:52.165Z [Modules] Streaming discord_utils@1 to /home/iselein/.config/discord/0.0.27/modules/pending/discord_utils-1.zip: 9%
2023-05-05T23:34:52.173Z [Modules] Streaming discord_utils@1 to /home/iselein/.config/discord/0.0.27/modules/pending/discord_utils-1.zip: 10%
2023-05-05T23:34:52.182Z [Modules] Streaming discord_utils@1 to /home/iselein/.config/discord/0.0.27/modules/pending/discord_utils-1.zip: 11%
2023-05-05T23:34:52.187Z [Modules] Streaming discord_utils@1 to /home/iselein/.config/discord/0.0.27/modules/pending/discord_utils-1.zip: 12%
2023-05-05T23:34:52.198Z [Modules] Streaming discord_utils@1 to /home/iselein/.config/discord/0.0.27/modules/pending/discord_utils-1.zip: 13%
2023-05-05T23:34:52.202Z [Modules] Streaming discord_utils@1 to /home/iselein/.config/discord/0.0.27/modules/pending/discord_utils-1.zip: 14%
2023-05-05T23:34:52.211Z [Modules] Streaming discord_utils@1 to /home/iselein/.config/discord/0.0.27/modules/pending/discord_utils-1.zip: 15%
2023-05-05T23:34:52.223Z [Modules] Streaming discord_utils@1 to /home/iselein/.config/discord/0.0.27/modules/pending/discord_utils-1.zip: 16%
2023-05-05T23:34:52.225Z [Modules] Streaming discord_utils@1 to /home/iselein/.config/discord/0.0.27/modules/pending/discord_utils-1.zip: 17%
2023-05-05T23:34:52.234Z [Modules] Streaming discord_utils@1 to /home/iselein/.config/discord/0.0.27/modules/pending/discord_utils-1.zip: 18%
2023-05-05T23:34:52.241Z [Modules] Streaming discord_utils@1 to /home/iselein/.config/discord/0.0.27/modules/pending/discord_utils-1.zip: 19%
2023-05-05T23:34:52.249Z [Modules] Streaming discord_utils@1 to /home/iselein/.config/discord/0.0.27/modules/pending/discord_utils-1.zip: 20%
2023-05-05T23:34:52.253Z [Modules] Streaming discord_utils@1 to /home/iselein/.config/discord/0.0.27/modules/pending/discord_utils-1.zip: 21%
2023-05-05T23:34:52.260Z [Modules] Streaming discord_utils@1 to /home/iselein/.config/discord/0.0.27/modules/pending/discord_utils-1.zip: 22%
2023-05-05T23:34:52.268Z [Modules] Streaming discord_utils@1 to /home/iselein/.config/discord/0.0.27/modules/pending/discord_utils-1.zip: 23%
2023-05-05T23:34:52.275Z [Modules] Streaming discord_utils@1 to /home/iselein/.config/discord/0.0.27/modules/pending/discord_utils-1.zip: 24%
2023-05-05T23:34:52.287Z [Modules] Streaming discord_utils@1 to /home/iselein/.config/discord/0.0.27/modules/pending/discord_utils-1.zip: 25%
2023-05-05T23:34:52.290Z [Modules] Streaming discord_utils@1 to /home/iselein/.config/discord/0.0.27/modules/pending/discord_utils-1.zip: 26%
2023-05-05T23:34:52.300Z [Modules] Streaming discord_utils@1 to /home/iselein/.config/discord/0.0.27/modules/pending/discord_utils-1.zip: 27%
2023-05-05T23:34:52.305Z [Modules] Streaming discord_utils@1 to /home/iselein/.config/discord/0.0.27/modules/pending/discord_utils-1.zip: 28%
2023-05-05T23:34:52.310Z [Modules] Streaming discord_utils@1 to /home/iselein/.config/discord/0.0.27/modules/pending/discord_utils-1.zip: 29%
2023-05-05T23:34:52.316Z [Modules] Streaming discord_utils@1 to /home/iselein/.config/discord/0.0.27/modules/pending/discord_utils-1.zip: 30%
2023-05-05T23:34:52.323Z [Modules] Streaming discord_utils@1 to /home/iselein/.config/discord/0.0.27/modules/pending/discord_utils-1.zip: 31%
2023-05-05T23:34:52.333Z [Modules] Streaming discord_utils@1 to /home/iselein/.config/discord/0.0.27/modules/pending/discord_utils-1.zip: 32%
2023-05-05T23:34:52.339Z [Modules] Streaming discord_utils@1 to /home/iselein/.config/discord/0.0.27/modules/pending/discord_utils-1.zip: 33%
2023-05-05T23:34:52.350Z [Modules] Streaming discord_utils@1 to /home/iselein/.config/discord/0.0.27/modules/pending/discord_utils-1.zip: 34%
2023-05-05T23:34:52.352Z [Modules] Streaming discord_utils@1 to /home/iselein/.config/discord/0.0.27/modules/pending/discord_utils-1.zip: 35%
2023-05-05T23:34:52.357Z [Modules] Streaming discord_utils@1 to /home/iselein/.config/discord/0.0.27/modules/pending/discord_utils-1.zip: 36%
2023-05-05T23:34:52.363Z [Modules] Streaming discord_utils@1 to /home/iselein/.config/discord/0.0.27/modules/pending/discord_utils-1.zip: 37%
2023-05-05T23:34:52.371Z [Modules] Streaming discord_utils@1 to /home/iselein/.config/discord/0.0.27/modules/pending/discord_utils-1.zip: 38%
2023-05-05T23:34:52.377Z [Modules] Streaming discord_utils@1 to /home/iselein/.config/discord/0.0.27/modules/pending/discord_utils-1.zip: 39%
2023-05-05T23:34:52.383Z [Modules] Streaming discord_utils@1 to /home/iselein/.config/discord/0.0.27/modules/pending/discord_utils-1.zip: 40%
2023-05-05T23:34:52.391Z [Modules] Streaming discord_utils@1 to /home/iselein/.config/discord/0.0.27/modules/pending/discord_utils-1.zip: 41%
2023-05-05T23:34:52.396Z [Modules] Streaming discord_utils@1 to /home/iselein/.config/discord/0.0.27/modules/pending/discord_utils-1.zip: 42%
2023-05-05T23:34:52.401Z [Modules] Streaming discord_utils@1 to /home/iselein/.config/discord/0.0.27/modules/pending/discord_utils-1.zip: 43%
2023-05-05T23:34:52.408Z [Modules] Streaming discord_utils@1 to /home/iselein/.config/discord/0.0.27/modules/pending/discord_utils-1.zip: 44%
2023-05-05T23:34:52.415Z [Modules] Streaming discord_utils@1 to /home/iselein/.config/discord/0.0.27/modules/pending/discord_utils-1.zip: 45%
2023-05-05T23:34:52.421Z [Modules] Streaming discord_utils@1 to /home/iselein/.config/discord/0.0.27/modules/pending/discord_utils-1.zip: 46%
2023-05-05T23:34:52.429Z [Modules] Streaming discord_utils@1 to /home/iselein/.config/discord/0.0.27/modules/pending/discord_utils-1.zip: 47%
2023-05-05T23:34:52.431Z [Modules] Streaming discord_utils@1 to /home/iselein/.config/discord/0.0.27/modules/pending/discord_utils-1.zip: 48%
2023-05-05T23:34:52.438Z [Modules] Streaming discord_utils@1 to /home/iselein/.config/discord/0.0.27/modules/pending/discord_utils-1.zip: 49%
2023-05-05T23:34:52.447Z [Modules] Streaming discord_utils@1 to /home/iselein/.config/discord/0.0.27/modules/pending/discord_utils-1.zip: 50%
2023-05-05T23:34:52.451Z [Modules] Streaming discord_utils@1 to /home/iselein/.config/discord/0.0.27/modules/pending/discord_utils-1.zip: 51%
2023-05-05T23:34:52.460Z [Modules] Streaming discord_utils@1 to /home/iselein/.config/discord/0.0.27/modules/pending/discord_utils-1.zip: 52%
2023-05-05T23:34:52.463Z [Modules] Streaming discord_utils@1 to /home/iselein/.config/discord/0.0.27/modules/pending/discord_utils-1.zip: 53%
2023-05-05T23:34:52.469Z [Modules] Streaming discord_utils@1 to /home/iselein/.config/discord/0.0.27/modules/pending/discord_utils-1.zip: 54%
2023-05-05T23:34:52.472Z [Modules] Streaming discord_utils@1 to /home/iselein/.config/discord/0.0.27/modules/pending/discord_utils-1.zip: 55%
2023-05-05T23:34:52.478Z [Modules] Streaming discord_utils@1 to /home/iselein/.config/discord/0.0.27/modules/pending/discord_utils-1.zip: 56%
2023-05-05T23:34:52.486Z [Modules] Streaming discord_utils@1 to /home/iselein/.config/discord/0.0.27/modules/pending/discord_utils-1.zip: 57%
2023-05-05T23:34:52.497Z [Modules] Streaming discord_utils@1 to /home/iselein/.config/discord/0.0.27/modules/pending/discord_utils-1.zip: 58%
2023-05-05T23:34:52.500Z [Modules] Streaming discord_utils@1 to /home/iselein/.config/discord/0.0.27/modules/pending/discord_utils-1.zip: 59%
2023-05-05T23:34:52.508Z [Modules] Streaming discord_utils@1 to /home/iselein/.config/discord/0.0.27/modules/pending/discord_utils-1.zip: 60%
2023-05-05T23:34:52.509Z [Modules] Streaming discord_utils@1 to /home/iselein/.config/discord/0.0.27/modules/pending/discord_utils-1.zip: 61%
2023-05-05T23:34:52.514Z [Modules] Streaming discord_utils@1 to /home/iselein/.config/discord/0.0.27/modules/pending/discord_utils-1.zip: 62%
2023-05-05T23:34:52.519Z [Modules] Streaming discord_utils@1 to /home/iselein/.config/discord/0.0.27/modules/pending/discord_utils-1.zip: 63%
2023-05-05T23:34:52.524Z [Modules] Streaming discord_utils@1 to /home/iselein/.config/discord/0.0.27/modules/pending/discord_utils-1.zip: 64%
2023-05-05T23:34:52.535Z [Modules] Streaming discord_utils@1 to /home/iselein/.config/discord/0.0.27/modules/pending/discord_utils-1.zip: 65%
2023-05-05T23:34:52.540Z [Modules] Streaming discord_utils@1 to /home/iselein/.config/discord/0.0.27/modules/pending/discord_utils-1.zip: 66%
2023-05-05T23:34:52.544Z [Modules] Streaming discord_utils@1 to /home/iselein/.config/discord/0.0.27/modules/pending/discord_utils-1.zip: 67%
2023-05-05T23:34:52.547Z [Modules] Streaming discord_utils@1 to /home/iselein/.config/discord/0.0.27/modules/pending/discord_utils-1.zip: 68%
2023-05-05T23:34:52.553Z [Modules] Streaming discord_utils@1 to /home/iselein/.config/discord/0.0.27/modules/pending/discord_utils-1.zip: 69%
2023-05-05T23:34:52.559Z [Modules] Streaming discord_utils@1 to /home/iselein/.config/discord/0.0.27/modules/pending/discord_utils-1.zip: 70%
2023-05-05T23:34:52.565Z [Modules] Streaming discord_utils@1 to /home/iselein/.config/discord/0.0.27/modules/pending/discord_utils-1.zip: 71%
2023-05-05T23:34:52.572Z [Modules] Streaming discord_utils@1 to /home/iselein/.config/discord/0.0.27/modules/pending/discord_utils-1.zip: 72%
2023-05-05T23:34:52.579Z [Modules] Streaming discord_utils@1 to /home/iselein/.config/discord/0.0.27/modules/pending/discord_utils-1.zip: 73%
2023-05-05T23:34:52.586Z [Modules] Streaming discord_utils@1 to /home/iselein/.config/discord/0.0.27/modules/pending/discord_utils-1.zip: 74%
2023-05-05T23:34:52.588Z [Modules] Streaming discord_utils@1 to /home/iselein/.config/discord/0.0.27/modules/pending/discord_utils-1.zip: 75%
2023-05-05T23:34:52.598Z [Modules] Streaming discord_utils@1 to /home/iselein/.config/discord/0.0.27/modules/pending/discord_utils-1.zip: 76%
2023-05-05T23:34:52.601Z [Modules] Streaming discord_utils@1 to /home/iselein/.config/discord/0.0.27/modules/pending/discord_utils-1.zip: 77%
2023-05-05T23:34:52.607Z [Modules] Streaming discord_utils@1 to /home/iselein/.config/discord/0.0.27/modules/pending/discord_utils-1.zip: 78%
2023-05-05T23:34:52.612Z [Modules] Streaming discord_utils@1 to /home/iselein/.config/discord/0.0.27/modules/pending/discord_utils-1.zip: 79%
2023-05-05T23:34:52.618Z [Modules] Streaming discord_utils@1 to /home/iselein/.config/discord/0.0.27/modules/pending/discord_utils-1.zip: 80%
2023-05-05T23:34:52.625Z [Modules] Streaming discord_utils@1 to /home/iselein/.config/discord/0.0.27/modules/pending/discord_utils-1.zip: 81%
2023-05-05T23:34:52.629Z [Modules] Streaming discord_utils@1 to /home/iselein/.config/discord/0.0.27/modules/pending/discord_utils-1.zip: 82%
2023-05-05T23:34:52.634Z [Modules] Streaming discord_utils@1 to /home/iselein/.config/discord/0.0.27/modules/pending/discord_utils-1.zip: 83%
2023-05-05T23:34:52.640Z [Modules] Streaming discord_utils@1 to /home/iselein/.config/discord/0.0.27/modules/pending/discord_utils-1.zip: 84%
2023-05-05T23:34:52.647Z [Modules] Streaming discord_utils@1 to /home/iselein/.config/discord/0.0.27/modules/pending/discord_utils-1.zip: 85%
2023-05-05T23:34:52.654Z [Modules] Streaming discord_utils@1 to /home/iselein/.config/discord/0.0.27/modules/pending/discord_utils-1.zip: 86%
2023-05-05T23:34:52.656Z [Modules] Streaming discord_utils@1 to /home/iselein/.config/discord/0.0.27/modules/pending/discord_utils-1.zip: 87%
2023-05-05T23:34:52.659Z [Modules] Streaming discord_utils@1 to /home/iselein/.config/discord/0.0.27/modules/pending/discord_utils-1.zip: 88%
2023-05-05T23:34:52.668Z [Modules] Streaming discord_utils@1 to /home/iselein/.config/discord/0.0.27/modules/pending/discord_utils-1.zip: 89%
2023-05-05T23:34:52.673Z [Modules] Streaming discord_utils@1 to /home/iselein/.config/discord/0.0.27/modules/pending/discord_utils-1.zip: 90%
2023-05-05T23:34:52.677Z [Modules] Streaming discord_utils@1 to /home/iselein/.config/discord/0.0.27/modules/pending/discord_utils-1.zip: 91%
2023-05-05T23:34:52.681Z [Modules] Streaming discord_utils@1 to /home/iselein/.config/discord/0.0.27/modules/pending/discord_utils-1.zip: 92%
2023-05-05T23:34:52.688Z [Modules] Streaming discord_utils@1 to /home/iselein/.config/discord/0.0.27/modules/pending/discord_utils-1.zip: 93%
2023-05-05T23:34:52.697Z [Modules] Streaming discord_utils@1 to /home/iselein/.config/discord/0.0.27/modules/pending/discord_utils-1.zip: 94%
2023-05-05T23:34:52.699Z [Modules] Streaming discord_utils@1 to /home/iselein/.config/discord/0.0.27/modules/pending/discord_utils-1.zip: 95%
2023-05-05T23:34:52.706Z [Modules] Streaming discord_utils@1 to /home/iselein/.config/discord/0.0.27/modules/pending/discord_utils-1.zip: 96%
2023-05-05T23:34:52.709Z [Modules] Streaming discord_utils@1 to /home/iselein/.config/discord/0.0.27/modules/pending/discord_utils-1.zip: 97%
2023-05-05T23:34:52.715Z [Modules] Streaming discord_utils@1 to /home/iselein/.config/discord/0.0.27/modules/pending/discord_utils-1.zip: 98%
2023-05-05T23:34:52.721Z [Modules] Streaming discord_utils@1 to /home/iselein/.config/discord/0.0.27/modules/pending/discord_utils-1.zip: 99%
2023-05-05T23:34:52.722Z [Modules] Streaming discord_utils@1 to /home/iselein/.config/discord/0.0.27/modules/pending/discord_utils-1.zip: 100%
2023-05-05T23:34:52.725Z [Modules] Fetching discord_voice@1 from https://discord.com/api/modules/stable/discord_voice/1
2023-05-05T23:34:52.725Z [Modules] Streaming discord_voice@1 to /home/iselein/.config/discord/0.0.27/modules/pending/discord_voice-1.zip
2023-05-05T23:34:52.897Z [Modules] Streaming discord_voice@1 to /home/iselein/.config/discord/0.0.27/modules/pending/discord_voice-1.zip: 1%
2023-05-05T23:34:52.935Z [Modules] Streaming discord_voice@1 to /home/iselein/.config/discord/0.0.27/modules/pending/discord_voice-1.zip: 2%
2023-05-05T23:34:52.973Z [Modules] Streaming discord_voice@1 to /home/iselein/.config/discord/0.0.27/modules/pending/discord_voice-1.zip: 3%
2023-05-05T23:34:53.012Z [Modules] Streaming discord_voice@1 to /home/iselein/.config/discord/0.0.27/modules/pending/discord_voice-1.zip: 4%
2023-05-05T23:34:53.051Z [Modules] Streaming discord_voice@1 to /home/iselein/.config/discord/0.0.27/modules/pending/discord_voice-1.zip: 5%
2023-05-05T23:34:53.086Z [Modules] Streaming discord_voice@1 to /home/iselein/.config/discord/0.0.27/modules/pending/discord_voice-1.zip: 6%
2023-05-05T23:34:53.125Z [Modules] Streaming discord_voice@1 to /home/iselein/.config/discord/0.0.27/modules/pending/discord_voice-1.zip: 7%
2023-05-05T23:34:53.178Z [Modules] Streaming discord_voice@1 to /home/iselein/.config/discord/0.0.27/modules/pending/discord_voice-1.zip: 8%
2023-05-05T23:34:53.242Z [Modules] Streaming discord_voice@1 to /home/iselein/.config/discord/0.0.27/modules/pending/discord_voice-1.zip: 9%
2023-05-05T23:34:53.279Z [Modules] Streaming discord_voice@1 to /home/iselein/.config/discord/0.0.27/modules/pending/discord_voice-1.zip: 10%
2023-05-05T23:34:53.339Z [Modules] Streaming discord_voice@1 to /home/iselein/.config/discord/0.0.27/modules/pending/discord_voice-1.zip: 11%
2023-05-05T23:34:53.395Z [Modules] Streaming discord_voice@1 to /home/iselein/.config/discord/0.0.27/modules/pending/discord_voice-1.zip: 12%
2023-05-05T23:34:53.451Z [Modules] Streaming discord_voice@1 to /home/iselein/.config/discord/0.0.27/modules/pending/discord_voice-1.zip: 13%
2023-05-05T23:34:53.511Z [Modules] Streaming discord_voice@1 to /home/iselein/.config/discord/0.0.27/modules/pending/discord_voice-1.zip: 14%
2023-05-05T23:34:53.566Z [Modules] Streaming discord_voice@1 to /home/iselein/.config/discord/0.0.27/modules/pending/discord_voice-1.zip: 15%
2023-05-05T23:34:53.627Z [Modules] Streaming discord_voice@1 to /home/iselein/.config/discord/0.0.27/modules/pending/discord_voice-1.zip: 16%
2023-05-05T23:34:53.683Z [Modules] Streaming discord_voice@1 to /home/iselein/.config/discord/0.0.27/modules/pending/discord_voice-1.zip: 17%
2023-05-05T23:34:53.746Z [Modules] Streaming discord_voice@1 to /home/iselein/.config/discord/0.0.27/modules/pending/discord_voice-1.zip: 18%
2023-05-05T23:34:53.799Z [Modules] Streaming discord_voice@1 to /home/iselein/.config/discord/0.0.27/modules/pending/discord_voice-1.zip: 19%
2023-05-05T23:34:53.856Z [Modules] Streaming discord_voice@1 to /home/iselein/.config/discord/0.0.27/modules/pending/discord_voice-1.zip: 20%
2023-05-05T23:34:53.921Z [Modules] Streaming discord_voice@1 to /home/iselein/.config/discord/0.0.27/modules/pending/discord_voice-1.zip: 21%
2023-05-05T23:34:53.976Z [Modules] Streaming discord_voice@1 to /home/iselein/.config/discord/0.0.27/modules/pending/discord_voice-1.zip: 22%
2023-05-05T23:34:54.038Z [Modules] Streaming discord_voice@1 to /home/iselein/.config/discord/0.0.27/modules/pending/discord_voice-1.zip: 23%
2023-05-05T23:34:54.085Z [Modules] Streaming discord_voice@1 to /home/iselein/.config/discord/0.0.27/modules/pending/discord_voice-1.zip: 24%
2023-05-05T23:34:54.147Z [Modules] Streaming discord_voice@1 to /home/iselein/.config/discord/0.0.27/modules/pending/discord_voice-1.zip: 25%
2023-05-05T23:34:54.209Z [Modules] Streaming discord_voice@1 to /home/iselein/.config/discord/0.0.27/modules/pending/discord_voice-1.zip: 26%
2023-05-05T23:34:54.268Z [Modules] Streaming discord_voice@1 to /home/iselein/.config/discord/0.0.27/modules/pending/discord_voice-1.zip: 27%
2023-05-05T23:34:54.335Z [Modules] Streaming discord_voice@1 to /home/iselein/.config/discord/0.0.27/modules/pending/discord_voice-1.zip: 28%
2023-05-05T23:34:54.401Z [Modules] Streaming discord_voice@1 to /home/iselein/.config/discord/0.0.27/modules/pending/discord_voice-1.zip: 29%
2023-05-05T23:34:54.436Z [Modules] Streaming discord_voice@1 to /home/iselein/.config/discord/0.0.27/modules/pending/discord_voice-1.zip: 30%
2023-05-05T23:34:54.498Z [Modules] Streaming discord_voice@1 to /home/iselein/.config/discord/0.0.27/modules/pending/discord_voice-1.zip: 31%
2023-05-05T23:34:54.554Z [Modules] Streaming discord_voice@1 to /home/iselein/.config/discord/0.0.27/modules/pending/discord_voice-1.zip: 32%
2023-05-05T23:34:54.611Z [Modules] Streaming discord_voice@1 to /home/iselein/.config/discord/0.0.27/modules/pending/discord_voice-1.zip: 33%
2023-05-05T23:34:54.670Z [Modules] Streaming discord_voice@1 to /home/iselein/.config/discord/0.0.27/modules/pending/discord_voice-1.zip: 34%
2023-05-05T23:34:54.718Z [Modules] Streaming discord_voice@1 to /home/iselein/.config/discord/0.0.27/modules/pending/discord_voice-1.zip: 35%
2023-05-05T23:34:54.785Z [Modules] Streaming discord_voice@1 to /home/iselein/.config/discord/0.0.27/modules/pending/discord_voice-1.zip: 36%
2023-05-05T23:34:54.846Z [Modules] Streaming discord_voice@1 to /home/iselein/.config/discord/0.0.27/modules/pending/discord_voice-1.zip: 37%
2023-05-05T23:34:54.895Z [Modules] Streaming discord_voice@1 to /home/iselein/.config/discord/0.0.27/modules/pending/discord_voice-1.zip: 38%
2023-05-05T23:34:54.960Z [Modules] Streaming discord_voice@1 to /home/iselein/.config/discord/0.0.27/modules/pending/discord_voice-1.zip: 39%
2023-05-05T23:34:55.017Z [Modules] Streaming discord_voice@1 to /home/iselein/.config/discord/0.0.27/modules/pending/discord_voice-1.zip: 40%
2023-05-05T23:34:55.069Z [Modules] Streaming discord_voice@1 to /home/iselein/.config/discord/0.0.27/modules/pending/discord_voice-1.zip: 41%
2023-05-05T23:34:55.130Z [Modules] Streaming discord_voice@1 to /home/iselein/.config/discord/0.0.27/modules/pending/discord_voice-1.zip: 42%
2023-05-05T23:34:55.197Z [Modules] Streaming discord_voice@1 to /home/iselein/.config/discord/0.0.27/modules/pending/discord_voice-1.zip: 43%
2023-05-05T23:34:55.250Z [Modules] Streaming discord_voice@1 to /home/iselein/.config/discord/0.0.27/modules/pending/discord_voice-1.zip: 44%
2023-05-05T23:34:55.302Z [Modules] Streaming discord_voice@1 to /home/iselein/.config/discord/0.0.27/modules/pending/discord_voice-1.zip: 45%
2023-05-05T23:34:55.354Z [Modules] Streaming discord_voice@1 to /home/iselein/.config/discord/0.0.27/modules/pending/discord_voice-1.zip: 46%
2023-05-05T23:34:55.423Z [Modules] Streaming discord_voice@1 to /home/iselein/.config/discord/0.0.27/modules/pending/discord_voice-1.zip: 47%
2023-05-05T23:35:10.816Z [Modules] Modules initializing
2023-05-05T23:35:10.816Z [Modules] Distribution: remote
2023-05-05T23:35:10.816Z [Modules] Host updates: enabled
2023-05-05T23:35:10.816Z [Modules] Module updates: enabled
2023-05-05T23:35:10.816Z [Modules] Module install path: /home/iselein/.config/discord/0.0.27/modules
2023-05-05T23:35:10.816Z [Modules] Module installed file path: /home/iselein/.config/discord/0.0.27/modules/installed.json
2023-05-05T23:35:10.817Z [Modules] Module download path: /home/iselein/.config/discord/0.0.27/modules/pending
2023-05-05T23:35:10.938Z [Modules] Installing updates...
2023-05-05T23:35:10.939Z [Modules] Installing discord_desktop_core@1 from /home/iselein/.config/discord/0.0.27/modules/pending/discord_desktop_core-1.zip
2023-05-05T23:35:11.010Z [Modules] Installing discord_erlpack@1 from /home/iselein/.config/discord/0.0.27/modules/pending/discord_erlpack-1.zip
2023-05-05T23:35:11.070Z [Modules] Installing discord_spellcheck@1 from /home/iselein/.config/discord/0.0.27/modules/pending/discord_spellcheck-1.zip
2023-05-05T23:35:11.688Z [Modules] Installing discord_utils@1 from /home/iselein/.config/discord/0.0.27/modules/pending/discord_utils-1.zip
2023-05-05T23:35:12.041Z [Modules] Finished module installations. [success: 4] [failure: 0]
2023-05-05T23:35:12.042Z [Modules] Checking for host updates.
2023-05-05T23:35:12.197Z [Modules] Host is up to date.
2023-05-05T23:35:12.197Z [Modules] Checking for module updates at https://discord.com/api/modules/stable/versions.json
2023-05-05T23:35:12.224Z [Modules] Module update available: discord_voice@1 [installed: 0]
2023-05-05T23:35:12.225Z [Modules] Fetching discord_voice@1 from https://discord.com/api/modules/stable/discord_voice/1
2023-05-05T23:35:12.225Z [Modules] Streaming discord_voice@1 to /home/iselein/.config/discord/0.0.27/modules/pending/discord_voice-1.zip
2023-05-05T23:35:12.401Z [Modules] Streaming discord_voice@1 to /home/iselein/.config/discord/0.0.27/modules/pending/discord_voice-1.zip: 100%
2023-05-05T23:35:15.219Z [Modules] Finished module downloads. [success: 1] [failure: 0]
2023-05-05T23:35:15.219Z [Modules] Installing updates...
2023-05-05T23:35:15.220Z [Modules] Installing discord_voice@1 from /home/iselein/.config/discord/0.0.27/modules/pending/discord_voice-1.zip
2023-05-05T23:35:15.947Z [Modules] Finished module installations. [success: 1] [failure: 0]
2023-05-05T23:35:15.948Z [Modules] Checking for host updates.
2023-05-05T23:35:16.057Z [Modules] Host is up to date.
2023-05-05T23:35:16.057Z [Modules] Checking for module updates at https://discord.com/api/modules/stable/versions.json
2023-05-05T23:35:16.059Z [Modules] No module updates available.
2023-05-05T23:35:17.992Z [Modules] Starting to install discord_krisp...
2023-05-05T23:35:17.993Z [Modules] Fetching discord_krisp@1 from https://discord.com/api/modules/stable/discord_krisp/1
2023-05-05T23:35:17.993Z [Modules] Streaming discord_krisp@1 to /home/iselein/.config/discord/0.0.27/modules/pending/discord_krisp-1.zip
2023-05-05T23:35:18.095Z [Modules] Starting to install discord_game_utils...
2023-05-05T23:35:18.192Z [Modules] Streaming discord_krisp@1 to /home/iselein/.config/discord/0.0.27/modules/pending/discord_krisp-1.zip: 1%
2023-05-05T23:35:18.240Z [Modules] Streaming discord_krisp@1 to /home/iselein/.config/discord/0.0.27/modules/pending/discord_krisp-1.zip: 2%
2023-05-05T23:35:18.283Z [Modules] Streaming discord_krisp@1 to /home/iselein/.config/discord/0.0.27/modules/pending/discord_krisp-1.zip: 3%
2023-05-05T23:35:18.380Z [Modules] Streaming discord_krisp@1 to /home/iselein/.config/discord/0.0.27/modules/pending/discord_krisp-1.zip: 4%
2023-05-05T23:35:18.384Z [Modules] Streaming discord_krisp@1 to /home/iselein/.config/discord/0.0.27/modules/pending/discord_krisp-1.zip: 5%
2023-05-05T23:35:18.402Z [Modules] Streaming discord_krisp@1 to /home/iselein/.config/discord/0.0.27/modules/pending/discord_krisp-1.zip: 6%
2023-05-05T23:35:18.434Z [Modules] Streaming discord_krisp@1 to /home/iselein/.config/discord/0.0.27/modules/pending/discord_krisp-1.zip: 7%
2023-05-05T23:35:18.467Z [Modules] Streaming discord_krisp@1 to /home/iselein/.config/discord/0.0.27/modules/pending/discord_krisp-1.zip: 8%
2023-05-05T23:35:18.509Z [Modules] Streaming discord_krisp@1 to /home/iselein/.config/discord/0.0.27/modules/pending/discord_krisp-1.zip: 9%
2023-05-05T23:35:18.592Z [Modules] Streaming discord_krisp@1 to /home/iselein/.config/discord/0.0.27/modules/pending/discord_krisp-1.zip: 10%
2023-05-05T23:35:18.684Z [Modules] Streaming discord_krisp@1 to /home/iselein/.config/discord/0.0.27/modules/pending/discord_krisp-1.zip: 11%
2023-05-05T23:35:18.715Z [Modules] Streaming discord_krisp@1 to /home/iselein/.config/discord/0.0.27/modules/pending/discord_krisp-1.zip: 12%
2023-05-05T23:35:18.773Z [Modules] Checking for host updates.
2023-05-05T23:35:18.792Z [Modules] Streaming discord_krisp@1 to /home/iselein/.config/discord/0.0.27/modules/pending/discord_krisp-1.zip: 13%
2023-05-05T23:35:18.855Z [Modules] Streaming discord_krisp@1 to /home/iselein/.config/discord/0.0.27/modules/pending/discord_krisp-1.zip: 14%
2023-05-05T23:35:18.879Z [Modules] Host is up to date.
2023-05-05T23:35:18.879Z [Modules] Checking for module updates at https://discord.com/api/modules/stable/versions.json
2023-05-05T23:35:18.882Z [Modules] No module updates available.
2023-05-05T23:35:18.930Z [Modules] Streaming discord_krisp@1 to /home/iselein/.config/discord/0.0.27/modules/pending/discord_krisp-1.zip: 15%
2023-05-05T23:35:18.984Z [Modules] Starting to install discord_rpc...
2023-05-05T23:35:18.990Z [Modules] Streaming discord_krisp@1 to /home/iselein/.config/discord/0.0.27/modules/pending/discord_krisp-1.zip: 16%
2023-05-05T23:35:19.058Z [Modules] Streaming discord_krisp@1 to /home/iselein/.config/discord/0.0.27/modules/pending/discord_krisp-1.zip: 17%
2023-05-05T23:35:19.122Z [Modules] Streaming discord_krisp@1 to /home/iselein/.config/discord/0.0.27/modules/pending/discord_krisp-1.zip: 18%
2023-05-05T23:35:19.193Z [Modules] Streaming discord_krisp@1 to /home/iselein/.config/discord/0.0.27/modules/pending/discord_krisp-1.zip: 19%
2023-05-05T23:35:19.264Z [Modules] Streaming discord_krisp@1 to /home/iselein/.config/discord/0.0.27/modules/pending/discord_krisp-1.zip: 20%
2023-05-05T23:35:19.332Z [Modules] Streaming discord_krisp@1 to /home/iselein/.config/discord/0.0.27/modules/pending/discord_krisp-1.zip: 21%
2023-05-05T23:35:19.392Z [Modules] Streaming discord_krisp@1 to /home/iselein/.config/discord/0.0.27/modules/pending/discord_krisp-1.zip: 22%
2023-05-05T23:35:19.456Z [Modules] Streaming discord_krisp@1 to /home/iselein/.config/discord/0.0.27/modules/pending/discord_krisp-1.zip: 23%
2023-05-05T23:35:19.521Z [Modules] Streaming discord_krisp@1 to /home/iselein/.config/discord/0.0.27/modules/pending/discord_krisp-1.zip: 24%
2023-05-05T23:35:19.584Z [Modules] Streaming discord_krisp@1 to /home/iselein/.config/discord/0.0.27/modules/pending/discord_krisp-1.zip: 25%
2023-05-05T23:35:19.655Z [Modules] Streaming discord_krisp@1 to /home/iselein/.config/discord/0.0.27/modules/pending/discord_krisp-1.zip: 26%
2023-05-05T23:35:19.724Z [Modules] Streaming discord_krisp@1 to /home/iselein/.config/discord/0.0.27/modules/pending/discord_krisp-1.zip: 27%
2023-05-05T23:35:19.778Z [Modules] Streaming discord_krisp@1 to /home/iselein/.config/discord/0.0.27/modules/pending/discord_krisp-1.zip: 28%
2023-05-05T23:35:19.838Z [Modules] Streaming discord_krisp@1 to /home/iselein/.config/discord/0.0.27/modules/pending/discord_krisp-1.zip: 29%
2023-05-05T23:35:19.904Z [Modules] Streaming discord_krisp@1 to /home/iselein/.config/discord/0.0.27/modules/pending/discord_krisp-1.zip: 30%
2023-05-05T23:35:19.967Z [Modules] Streaming discord_krisp@1 to /home/iselein/.config/discord/0.0.27/modules/pending/discord_krisp-1.zip: 31%
2023-05-05T23:35:20.026Z [Modules] Streaming discord_krisp@1 to /home/iselein/.config/discord/0.0.27/modules/pending/discord_krisp-1.zip: 32%
2023-05-05T23:35:20.088Z [Modules] Streaming discord_krisp@1 to /home/iselein/.config/discord/0.0.27/modules/pending/discord_krisp-1.zip: 33%
2023-05-05T23:35:20.161Z [Modules] Streaming discord_krisp@1 to /home/iselein/.config/discord/0.0.27/modules/pending/discord_krisp-1.zip: 34%
2023-05-05T23:35:20.229Z [Modules] Streaming discord_krisp@1 to /home/iselein/.config/discord/0.0.27/modules/pending/discord_krisp-1.zip: 35%
2023-05-05T23:35:20.285Z [Modules] Streaming discord_krisp@1 to /home/iselein/.config/discord/0.0.27/modules/pending/discord_krisp-1.zip: 36%
2023-05-05T23:35:20.366Z [Modules] Streaming discord_krisp@1 to /home/iselein/.config/discord/0.0.27/modules/pending/discord_krisp-1.zip: 37%
2023-05-05T23:35:20.418Z [Modules] Streaming discord_krisp@1 to /home/iselein/.config/discord/0.0.27/modules/pending/discord_krisp-1.zip: 38%
2023-05-05T23:35:20.471Z [Modules] Streaming discord_krisp@1 to /home/iselein/.config/discord/0.0.27/modules/pending/discord_krisp-1.zip: 39%
2023-05-05T23:35:20.538Z [Modules] Streaming discord_krisp@1 to /home/iselein/.config/discord/0.0.27/modules/pending/discord_krisp-1.zip: 40%
2023-05-05T23:35:20.608Z [Modules] Streaming discord_krisp@1 to /home/iselein/.config/discord/0.0.27/modules/pending/discord_krisp-1.zip: 41%
2023-05-05T23:35:20.673Z [Modules] Streaming discord_krisp@1 to /home/iselein/.config/discord/0.0.27/modules/pending/discord_krisp-1.zip: 42%
2023-05-05T23:35:20.731Z [Modules] Streaming discord_krisp@1 to /home/iselein/.config/discord/0.0.27/modules/pending/discord_krisp-1.zip: 43%
2023-05-05T23:35:20.788Z [Modules] Streaming discord_krisp@1 to /home/iselein/.config/discord/0.0.27/modules/pending/discord_krisp-1.zip: 44%
2023-05-05T23:35:20.861Z [Modules] Streaming discord_krisp@1 to /home/iselein/.config/discord/0.0.27/modules/pending/discord_krisp-1.zip: 45%
2023-05-05T23:35:20.935Z [Modules] Streaming discord_krisp@1 to /home/iselein/.config/discord/0.0.27/modules/pending/discord_krisp-1.zip: 46%
2023-05-05T23:35:20.980Z [Modules] Streaming discord_krisp@1 to /home/iselein/.config/discord/0.0.27/modules/pending/discord_krisp-1.zip: 47%
2023-05-05T23:35:21.040Z [Modules] Streaming discord_krisp@1 to /home/iselein/.config/discord/0.0.27/modules/pending/discord_krisp-1.zip: 48%
2023-05-05T23:35:21.115Z [Modules] Streaming discord_krisp@1 to /home/iselein/.config/discord/0.0.27/modules/pending/discord_krisp-1.zip: 49%
2023-05-05T23:35:21.180Z [Modules] Streaming discord_krisp@1 to /home/iselein/.config/discord/0.0.27/modules/pending/discord_krisp-1.zip: 50%
2023-05-05T23:35:21.232Z [Modules] Streaming discord_krisp@1 to /home/iselein/.config/discord/0.0.27/modules/pending/discord_krisp-1.zip: 51%
2023-05-05T23:35:21.304Z [Modules] Streaming discord_krisp@1 to /home/iselein/.config/discord/0.0.27/modules/pending/discord_krisp-1.zip: 52%
2023-05-05T23:35:21.366Z [Modules] Streaming discord_krisp@1 to /home/iselein/.config/discord/0.0.27/modules/pending/discord_krisp-1.zip: 53%
2023-05-05T23:35:21.429Z [Modules] Streaming discord_krisp@1 to /home/iselein/.config/discord/0.0.27/modules/pending/discord_krisp-1.zip: 54%
2023-05-05T23:35:21.491Z [Modules] Streaming discord_krisp@1 to /home/iselein/.config/discord/0.0.27/modules/pending/discord_krisp-1.zip: 55%
2023-05-05T23:35:21.551Z [Modules] Streaming discord_krisp@1 to /home/iselein/.config/discord/0.0.27/modules/pending/discord_krisp-1.zip: 56%
2023-05-05T23:35:21.636Z [Modules] Streaming discord_krisp@1 to /home/iselein/.config/discord/0.0.27/modules/pending/discord_krisp-1.zip: 57%
2023-05-05T23:35:21.688Z [Modules] Streaming discord_krisp@1 to /home/iselein/.config/discord/0.0.27/modules/pending/discord_krisp-1.zip: 58%
2023-05-05T23:35:21.754Z [Modules] Streaming discord_krisp@1 to /home/iselein/.config/discord/0.0.27/modules/pending/discord_krisp-1.zip: 59%
2023-05-05T23:35:21.816Z [Modules] Streaming discord_krisp@1 to /home/iselein/.config/discord/0.0.27/modules/pending/discord_krisp-1.zip: 60%
2023-05-05T23:35:21.871Z [Modules] Streaming discord_krisp@1 to /home/iselein/.config/discord/0.0.27/modules/pending/discord_krisp-1.zip: 61%
2023-05-05T23:35:21.936Z [Modules] Streaming discord_krisp@1 to /home/iselein/.config/discord/0.0.27/modules/pending/discord_krisp-1.zip: 62%
2023-05-05T23:35:22.000Z [Modules] Streaming discord_krisp@1 to /home/iselein/.config/discord/0.0.27/modules/pending/discord_krisp-1.zip: 63%
2023-05-05T23:35:22.062Z [Modules] Streaming discord_krisp@1 to /home/iselein/.config/discord/0.0.27/modules/pending/discord_krisp-1.zip: 64%
2023-05-05T23:35:22.125Z [Modules] Streaming discord_krisp@1 to /home/iselein/.config/discord/0.0.27/modules/pending/discord_krisp-1.zip: 65%
2023-05-05T23:35:22.196Z [Modules] Streaming discord_krisp@1 to /home/iselein/.config/discord/0.0.27/modules/pending/discord_krisp-1.zip: 66%
2023-05-05T23:35:22.255Z [Modules] Streaming discord_krisp@1 to /home/iselein/.config/discord/0.0.27/modules/pending/discord_krisp-1.zip: 67%
2023-05-05T23:35:22.317Z [Modules] Streaming discord_krisp@1 to /home/iselein/.config/discord/0.0.27/modules/pending/discord_krisp-1.zip: 68%
2023-05-05T23:35:22.382Z [Modules] Streaming discord_krisp@1 to /home/iselein/.config/discord/0.0.27/modules/pending/discord_krisp-1.zip: 69%
2023-05-05T23:35:22.447Z [Modules] Streaming discord_krisp@1 to /home/iselein/.config/discord/0.0.27/modules/pending/discord_krisp-1.zip: 70%
2023-05-05T23:35:22.512Z [Modules] Streaming discord_krisp@1 to /home/iselein/.config/discord/0.0.27/modules/pending/discord_krisp-1.zip: 71%
2023-05-05T23:35:22.569Z [Modules] Streaming discord_krisp@1 to /home/iselein/.config/discord/0.0.27/modules/pending/discord_krisp-1.zip: 72%
2023-05-05T23:35:22.643Z [Modules] Streaming discord_krisp@1 to /home/iselein/.config/discord/0.0.27/modules/pending/discord_krisp-1.zip: 73%
2023-05-05T23:35:22.707Z [Modules] Streaming discord_krisp@1 to /home/iselein/.config/discord/0.0.27/modules/pending/discord_krisp-1.zip: 74%
2023-05-05T23:35:22.788Z [Modules] Streaming discord_krisp@1 to /home/iselein/.config/discord/0.0.27/modules/pending/discord_krisp-1.zip: 75%
2023-05-05T23:35:22.835Z [Modules] Streaming discord_krisp@1 to /home/iselein/.config/discord/0.0.27/modules/pending/discord_krisp-1.zip: 76%
2023-05-05T23:35:22.901Z [Modules] Streaming discord_krisp@1 to /home/iselein/.config/discord/0.0.27/modules/pending/discord_krisp-1.zip: 77%
2023-05-05T23:35:22.963Z [Modules] Streaming discord_krisp@1 to /home/iselein/.config/discord/0.0.27/modules/pending/discord_krisp-1.zip: 78%
2023-05-05T23:35:23.020Z [Modules] Streaming discord_krisp@1 to /home/iselein/.config/discord/0.0.27/modules/pending/discord_krisp-1.zip: 79%
2023-05-05T23:35:23.101Z [Modules] Streaming discord_krisp@1 to /home/iselein/.config/discord/0.0.27/modules/pending/discord_krisp-1.zip: 80%
2023-05-05T23:35:23.173Z [Modules] Streaming discord_krisp@1 to /home/iselein/.config/discord/0.0.27/modules/pending/discord_krisp-1.zip: 81%
2023-05-05T23:35:23.209Z [Modules] Streaming discord_krisp@1 to /home/iselein/.config/discord/0.0.27/modules/pending/discord_krisp-1.zip: 82%
2023-05-05T23:35:23.274Z [Modules] Streaming discord_krisp@1 to /home/iselein/.config/discord/0.0.27/modules/pending/discord_krisp-1.zip: 83%
2023-05-05T23:35:23.340Z [Modules] Streaming discord_krisp@1 to /home/iselein/.config/discord/0.0.27/modules/pending/discord_krisp-1.zip: 84%
2023-05-05T23:35:23.401Z [Modules] Streaming discord_krisp@1 to /home/iselein/.config/discord/0.0.27/modules/pending/discord_krisp-1.zip: 85%
2023-05-05T23:35:23.467Z [Modules] Streaming discord_krisp@1 to /home/iselein/.config/discord/0.0.27/modules/pending/discord_krisp-1.zip: 86%
2023-05-05T23:35:23.530Z [Modules] Streaming discord_krisp@1 to /home/iselein/.config/discord/0.0.27/modules/pending/discord_krisp-1.zip: 87%
2023-05-05T23:35:23.596Z [Modules] Streaming discord_krisp@1 to /home/iselein/.config/discord/0.0.27/modules/pending/discord_krisp-1.zip: 88%
2023-05-05T23:35:23.657Z [Modules] Streaming discord_krisp@1 to /home/iselein/.config/discord/0.0.27/modules/pending/discord_krisp-1.zip: 89%
2023-05-05T23:35:23.723Z [Modules] Streaming discord_krisp@1 to /home/iselein/.config/discord/0.0.27/modules/pending/discord_krisp-1.zip: 90%
2023-05-05T23:35:23.788Z [Modules] Streaming discord_krisp@1 to /home/iselein/.config/discord/0.0.27/modules/pending/discord_krisp-1.zip: 91%
2023-05-05T23:35:23.848Z [Modules] Streaming discord_krisp@1 to /home/iselein/.config/discord/0.0.27/modules/pending/discord_krisp-1.zip: 92%
2023-05-05T23:35:23.912Z [Modules] Streaming discord_krisp@1 to /home/iselein/.config/discord/0.0.27/modules/pending/discord_krisp-1.zip: 93%
2023-05-05T23:35:23.974Z [Modules] Streaming discord_krisp@1 to /home/iselein/.config/discord/0.0.27/modules/pending/discord_krisp-1.zip: 94%
2023-05-05T23:35:24.041Z [Modules] Streaming discord_krisp@1 to /home/iselein/.config/discord/0.0.27/modules/pending/discord_krisp-1.zip: 95%
2023-05-05T23:35:24.112Z [Modules] Streaming discord_krisp@1 to /home/iselein/.config/discord/0.0.27/modules/pending/discord_krisp-1.zip: 96%
2023-05-05T23:35:24.162Z [Modules] Streaming discord_krisp@1 to /home/iselein/.config/discord/0.0.27/modules/pending/discord_krisp-1.zip: 97%
2023-05-05T23:35:24.227Z [Modules] Streaming discord_krisp@1 to /home/iselein/.config/discord/0.0.27/modules/pending/discord_krisp-1.zip: 98%
2023-05-05T23:35:24.307Z [Modules] Streaming discord_krisp@1 to /home/iselein/.config/discord/0.0.27/modules/pending/discord_krisp-1.zip: 99%
2023-05-05T23:35:24.355Z [Modules] Streaming discord_krisp@1 to /home/iselein/.config/discord/0.0.27/modules/pending/discord_krisp-1.zip: 100%
2023-05-05T23:35:24.357Z [Modules] Fetching discord_game_utils@1 from https://discord.com/api/modules/stable/discord_game_utils/1
2023-05-05T23:35:24.357Z [Modules] Streaming discord_game_utils@1 to /home/iselein/.config/discord/0.0.27/modules/pending/discord_game_utils-1.zip
2023-05-05T23:35:24.357Z [Modules] Installing discord_krisp@1 from /home/iselein/.config/discord/0.0.27/modules/pending/discord_krisp-1.zip
2023-05-05T23:35:24.507Z [Modules] Streaming discord_game_utils@1 to /home/iselein/.config/discord/0.0.27/modules/pending/discord_game_utils-1.zip: 1%
2023-05-05T23:35:24.515Z [Modules] Streaming discord_game_utils@1 to /home/iselein/.config/discord/0.0.27/modules/pending/discord_game_utils-1.zip: 2%
2023-05-05T23:35:24.519Z [Modules] Streaming discord_game_utils@1 to /home/iselein/.config/discord/0.0.27/modules/pending/discord_game_utils-1.zip: 3%
2023-05-05T23:35:24.527Z [Modules] Streaming discord_game_utils@1 to /home/iselein/.config/discord/0.0.27/modules/pending/discord_game_utils-1.zip: 4%
2023-05-05T23:35:24.532Z [Modules] Streaming discord_game_utils@1 to /home/iselein/.config/discord/0.0.27/modules/pending/discord_game_utils-1.zip: 5%
2023-05-05T23:35:24.539Z [Modules] Streaming discord_game_utils@1 to /home/iselein/.config/discord/0.0.27/modules/pending/discord_game_utils-1.zip: 6%
2023-05-05T23:35:24.542Z [Modules] Streaming discord_game_utils@1 to /home/iselein/.config/discord/0.0.27/modules/pending/discord_game_utils-1.zip: 7%
2023-05-05T23:35:24.551Z [Modules] Streaming discord_game_utils@1 to /home/iselein/.config/discord/0.0.27/modules/pending/discord_game_utils-1.zip: 8%
2023-05-05T23:35:24.557Z [Modules] Streaming discord_game_utils@1 to /home/iselein/.config/discord/0.0.27/modules/pending/discord_game_utils-1.zip: 9%
2023-05-05T23:35:24.564Z [Modules] Streaming discord_game_utils@1 to /home/iselein/.config/discord/0.0.27/modules/pending/discord_game_utils-1.zip: 10%
2023-05-05T23:35:24.565Z [Modules] Streaming discord_game_utils@1 to /home/iselein/.config/discord/0.0.27/modules/pending/discord_game_utils-1.zip: 11%
2023-05-05T23:35:24.574Z [Modules] Streaming discord_game_utils@1 to /home/iselein/.config/discord/0.0.27/modules/pending/discord_game_utils-1.zip: 12%
2023-05-05T23:35:24.575Z [Modules] Streaming discord_game_utils@1 to /home/iselein/.config/discord/0.0.27/modules/pending/discord_game_utils-1.zip: 13%
2023-05-05T23:35:24.582Z [Modules] Streaming discord_game_utils@1 to /home/iselein/.config/discord/0.0.27/modules/pending/discord_game_utils-1.zip: 14%
2023-05-05T23:35:24.586Z [Modules] Streaming discord_game_utils@1 to /home/iselein/.config/discord/0.0.27/modules/pending/discord_game_utils-1.zip: 15%
2023-05-05T23:35:24.593Z [Modules] Streaming discord_game_utils@1 to /home/iselein/.config/discord/0.0.27/modules/pending/discord_game_utils-1.zip: 16%
2023-05-05T23:35:24.596Z [Modules] Streaming discord_game_utils@1 to /home/iselein/.config/discord/0.0.27/modules/pending/discord_game_utils-1.zip: 17%
2023-05-05T23:35:24.602Z [Modules] Streaming discord_game_utils@1 to /home/iselein/.config/discord/0.0.27/modules/pending/discord_game_utils-1.zip: 18%
2023-05-05T23:35:24.606Z [Modules] Streaming discord_game_utils@1 to /home/iselein/.config/discord/0.0.27/modules/pending/discord_game_utils-1.zip: 19%
2023-05-05T23:35:24.613Z [Modules] Streaming discord_game_utils@1 to /home/iselein/.config/discord/0.0.27/modules/pending/discord_game_utils-1.zip: 20%
2023-05-05T23:35:24.617Z [Modules] Streaming discord_game_utils@1 to /home/iselein/.config/discord/0.0.27/modules/pending/discord_game_utils-1.zip: 21%
2023-05-05T23:35:24.622Z [Modules] Streaming discord_game_utils@1 to /home/iselein/.config/discord/0.0.27/modules/pending/discord_game_utils-1.zip: 22%
2023-05-05T23:35:24.626Z [Modules] Streaming discord_game_utils@1 to /home/iselein/.config/discord/0.0.27/modules/pending/discord_game_utils-1.zip: 23%
2023-05-05T23:35:24.632Z [Modules] Streaming discord_game_utils@1 to /home/iselein/.config/discord/0.0.27/modules/pending/discord_game_utils-1.zip: 24%
2023-05-05T23:35:24.635Z [Modules] Streaming discord_game_utils@1 to /home/iselein/.config/discord/0.0.27/modules/pending/discord_game_utils-1.zip: 25%
2023-05-05T23:35:24.641Z [Modules] Streaming discord_game_utils@1 to /home/iselein/.config/discord/0.0.27/modules/pending/discord_game_utils-1.zip: 26%
2023-05-05T23:35:24.646Z [Modules] Streaming discord_game_utils@1 to /home/iselein/.config/discord/0.0.27/modules/pending/discord_game_utils-1.zip: 27%
2023-05-05T23:35:24.655Z [Modules] Streaming discord_game_utils@1 to /home/iselein/.config/discord/0.0.27/modules/pending/discord_game_utils-1.zip: 29%
2023-05-05T23:35:24.661Z [Modules] Streaming discord_game_utils@1 to /home/iselein/.config/discord/0.0.27/modules/pending/discord_game_utils-1.zip: 30%
2023-05-05T23:35:24.668Z [Modules] Streaming discord_game_utils@1 to /home/iselein/.config/discord/0.0.27/modules/pending/discord_game_utils-1.zip: 31%
2023-05-05T23:35:24.671Z [Modules] Streaming discord_game_utils@1 to /home/iselein/.config/discord/0.0.27/modules/pending/discord_game_utils-1.zip: 32%
2023-05-05T23:35:24.672Z [Modules] Streaming discord_game_utils@1 to /home/iselein/.config/discord/0.0.27/modules/pending/discord_game_utils-1.zip: 33%
2023-05-05T23:35:24.679Z [Modules] Streaming discord_game_utils@1 to /home/iselein/.config/discord/0.0.27/modules/pending/discord_game_utils-1.zip: 34%
2023-05-05T23:35:24.682Z [Modules] Streaming discord_game_utils@1 to /home/iselein/.config/discord/0.0.27/modules/pending/discord_game_utils-1.zip: 35%
2023-05-05T23:35:24.687Z [Modules] Streaming discord_game_utils@1 to /home/iselein/.config/discord/0.0.27/modules/pending/discord_game_utils-1.zip: 36%
2023-05-05T23:35:24.690Z [Modules] Streaming discord_game_utils@1 to /home/iselein/.config/discord/0.0.27/modules/pending/discord_game_utils-1.zip: 37%
2023-05-05T23:35:24.696Z [Modules] Streaming discord_game_utils@1 to /home/iselein/.config/discord/0.0.27/modules/pending/discord_game_utils-1.zip: 38%
2023-05-05T23:35:24.702Z [Modules] Streaming discord_game_utils@1 to /home/iselein/.config/discord/0.0.27/modules/pending/discord_game_utils-1.zip: 39%
2023-05-05T23:35:24.705Z [Modules] Streaming discord_game_utils@1 to /home/iselein/.config/discord/0.0.27/modules/pending/discord_game_utils-1.zip: 40%
2023-05-05T23:35:24.710Z [Modules] Streaming discord_game_utils@1 to /home/iselein/.config/discord/0.0.27/modules/pending/discord_game_utils-1.zip: 41%
2023-05-05T23:35:24.715Z [Modules] Streaming discord_game_utils@1 to /home/iselein/.config/discord/0.0.27/modules/pending/discord_game_utils-1.zip: 42%
2023-05-05T23:35:24.719Z [Modules] Streaming discord_game_utils@1 to /home/iselein/.config/discord/0.0.27/modules/pending/discord_game_utils-1.zip: 43%
2023-05-05T23:35:24.722Z [Modules] Streaming discord_game_utils@1 to /home/iselein/.config/discord/0.0.27/modules/pending/discord_game_utils-1.zip: 44%
2023-05-05T23:35:24.727Z [Modules] Streaming discord_game_utils@1 to /home/iselein/.config/discord/0.0.27/modules/pending/discord_game_utils-1.zip: 45%
2023-05-05T23:35:24.730Z [Modules] Streaming discord_game_utils@1 to /home/iselein/.config/discord/0.0.27/modules/pending/discord_game_utils-1.zip: 46%
2023-05-05T23:35:24.736Z [Modules] Streaming discord_game_utils@1 to /home/iselein/.config/discord/0.0.27/modules/pending/discord_game_utils-1.zip: 47%
2023-05-05T23:35:24.738Z [Modules] Streaming discord_game_utils@1 to /home/iselein/.config/discord/0.0.27/modules/pending/discord_game_utils-1.zip: 48%
2023-05-05T23:35:24.745Z [Modules] Streaming discord_game_utils@1 to /home/iselein/.config/discord/0.0.27/modules/pending/discord_game_utils-1.zip: 49%
2023-05-05T23:35:24.748Z [Modules] Streaming discord_game_utils@1 to /home/iselein/.config/discord/0.0.27/modules/pending/discord_game_utils-1.zip: 50%
2023-05-05T23:35:24.752Z [Modules] Streaming discord_game_utils@1 to /home/iselein/.config/discord/0.0.27/modules/pending/discord_game_utils-1.zip: 51%
2023-05-05T23:35:24.754Z [Modules] Streaming discord_game_utils@1 to /home/iselein/.config/discord/0.0.27/modules/pending/discord_game_utils-1.zip: 52%
2023-05-05T23:35:24.760Z [Modules] Streaming discord_game_utils@1 to /home/iselein/.config/discord/0.0.27/modules/pending/discord_game_utils-1.zip: 53%
2023-05-05T23:35:24.762Z [Modules] Streaming discord_game_utils@1 to /home/iselein/.config/discord/0.0.27/modules/pending/discord_game_utils-1.zip: 54%
2023-05-05T23:35:24.772Z [Modules] Streaming discord_game_utils@1 to /home/iselein/.config/discord/0.0.27/modules/pending/discord_game_utils-1.zip: 55%
2023-05-05T23:35:24.773Z [Modules] Streaming discord_game_utils@1 to /home/iselein/.config/discord/0.0.27/modules/pending/discord_game_utils-1.zip: 56%
2023-05-05T23:35:24.777Z [Modules] Streaming discord_game_utils@1 to /home/iselein/.config/discord/0.0.27/modules/pending/discord_game_utils-1.zip: 57%
2023-05-05T23:35:24.779Z [Modules] Streaming discord_game_utils@1 to /home/iselein/.config/discord/0.0.27/modules/pending/discord_game_utils-1.zip: 58%
2023-05-05T23:35:24.783Z [Modules] Streaming discord_game_utils@1 to /home/iselein/.config/discord/0.0.27/modules/pending/discord_game_utils-1.zip: 59%
2023-05-05T23:35:24.786Z [Modules] Streaming discord_game_utils@1 to /home/iselein/.config/discord/0.0.27/modules/pending/discord_game_utils-1.zip: 60%
2023-05-05T23:35:24.791Z [Modules] Streaming discord_game_utils@1 to /home/iselein/.config/discord/0.0.27/modules/pending/discord_game_utils-1.zip: 61%
2023-05-05T23:35:24.792Z [Modules] Streaming discord_game_utils@1 to /home/iselein/.config/discord/0.0.27/modules/pending/discord_game_utils-1.zip: 62%
2023-05-05T23:35:24.810Z [Modules] Streaming discord_game_utils@1 to /home/iselein/.config/discord/0.0.27/modules/pending/discord_game_utils-1.zip: 63%
2023-05-05T23:35:24.812Z [Modules] Streaming discord_game_utils@1 to /home/iselein/.config/discord/0.0.27/modules/pending/discord_game_utils-1.zip: 64%
2023-05-05T23:35:24.828Z [Modules] Streaming discord_game_utils@1 to /home/iselein/.config/discord/0.0.27/modules/pending/discord_game_utils-1.zip: 65%
2023-05-05T23:35:24.842Z [Modules] Streaming discord_game_utils@1 to /home/iselein/.config/discord/0.0.27/modules/pending/discord_game_utils-1.zip: 67%
2023-05-05T23:35:24.851Z [Modules] Streaming discord_game_utils@1 to /home/iselein/.config/discord/0.0.27/modules/pending/discord_game_utils-1.zip: 68%
2023-05-05T23:35:24.859Z [Modules] Streaming discord_game_utils@1 to /home/iselein/.config/discord/0.0.27/modules/pending/discord_game_utils-1.zip: 69%
2023-05-05T23:35:24.861Z [Modules] Streaming discord_game_utils@1 to /home/iselein/.config/discord/0.0.27/modules/pending/discord_game_utils-1.zip: 70%
2023-05-05T23:35:24.874Z [Modules] Finished module installations. [success: 1] [failure: 0]
2023-05-05T23:35:24.892Z [Modules] Streaming discord_game_utils@1 to /home/iselein/.config/discord/0.0.27/modules/pending/discord_game_utils-1.zip: 72%
2023-05-05T23:35:24.898Z [Modules] Streaming discord_game_utils@1 to /home/iselein/.config/discord/0.0.27/modules/pending/discord_game_utils-1.zip: 74%
2023-05-05T23:35:24.905Z [Modules] Streaming discord_game_utils@1 to /home/iselein/.config/discord/0.0.27/modules/pending/discord_game_utils-1.zip: 76%
2023-05-05T23:35:24.908Z [Modules] Streaming discord_game_utils@1 to /home/iselein/.config/discord/0.0.27/modules/pending/discord_game_utils-1.zip: 77%
2023-05-05T23:35:24.920Z [Modules] Streaming discord_game_utils@1 to /home/iselein/.config/discord/0.0.27/modules/pending/discord_game_utils-1.zip: 78%
2023-05-05T23:35:24.924Z [Modules] Streaming discord_game_utils@1 to /home/iselein/.config/discord/0.0.27/modules/pending/discord_game_utils-1.zip: 79%
2023-05-05T23:35:24.931Z [Modules] Streaming discord_game_utils@1 to /home/iselein/.config/discord/0.0.27/modules/pending/discord_game_utils-1.zip: 82%
2023-05-05T23:35:24.938Z [Modules] Streaming discord_game_utils@1 to /home/iselein/.config/discord/0.0.27/modules/pending/discord_game_utils-1.zip: 83%
2023-05-05T23:35:24.943Z [Modules] Streaming discord_game_utils@1 to /home/iselein/.config/discord/0.0.27/modules/pending/discord_game_utils-1.zip: 84%
2023-05-05T23:35:24.950Z [Modules] Streaming discord_game_utils@1 to /home/iselein/.config/discord/0.0.27/modules/pending/discord_game_utils-1.zip: 85%
2023-05-05T23:35:24.956Z [Modules] Streaming discord_game_utils@1 to /home/iselein/.config/discord/0.0.27/modules/pending/discord_game_utils-1.zip: 86%
2023-05-05T23:35:24.966Z [Modules] Streaming discord_game_utils@1 to /home/iselein/.config/discord/0.0.27/modules/pending/discord_game_utils-1.zip: 87%
2023-05-05T23:35:24.972Z [Modules] Streaming discord_game_utils@1 to /home/iselein/.config/discord/0.0.27/modules/pending/discord_game_utils-1.zip: 88%
2023-05-05T23:35:24.981Z [Modules] Streaming discord_game_utils@1 to /home/iselein/.config/discord/0.0.27/modules/pending/discord_game_utils-1.zip: 89%
2023-05-05T23:35:24.991Z [Modules] Streaming discord_game_utils@1 to /home/iselein/.config/discord/0.0.27/modules/pending/discord_game_utils-1.zip: 90%
2023-05-05T23:35:24.996Z [Modules] Streaming discord_game_utils@1 to /home/iselein/.config/discord/0.0.27/modules/pending/discord_game_utils-1.zip: 91%
2023-05-05T23:35:25.005Z [Modules] Streaming discord_game_utils@1 to /home/iselein/.config/discord/0.0.27/modules/pending/discord_game_utils-1.zip: 92%
2023-05-05T23:35:25.010Z [Modules] Streaming discord_game_utils@1 to /home/iselein/.config/discord/0.0.27/modules/pending/discord_game_utils-1.zip: 93%
2023-05-05T23:35:25.019Z [Modules] Streaming discord_game_utils@1 to /home/iselein/.config/discord/0.0.27/modules/pending/discord_game_utils-1.zip: 94%
2023-05-05T23:35:25.025Z [Modules] Streaming discord_game_utils@1 to /home/iselein/.config/discord/0.0.27/modules/pending/discord_game_utils-1.zip: 95%
2023-05-05T23:35:25.033Z [Modules] Streaming discord_game_utils@1 to /home/iselein/.config/discord/0.0.27/modules/pending/discord_game_utils-1.zip: 96%
2023-05-05T23:35:25.038Z [Modules] Streaming discord_game_utils@1 to /home/iselein/.config/discord/0.0.27/modules/pending/discord_game_utils-1.zip: 97%
2023-05-05T23:35:25.048Z [Modules] Streaming discord_game_utils@1 to /home/iselein/.config/discord/0.0.27/modules/pending/discord_game_utils-1.zip: 98%
2023-05-05T23:35:25.053Z [Modules] Streaming discord_game_utils@1 to /home/iselein/.config/discord/0.0.27/modules/pending/discord_game_utils-1.zip: 99%
2023-05-05T23:35:25.056Z [Modules] Streaming discord_game_utils@1 to /home/iselein/.config/discord/0.0.27/modules/pending/discord_game_utils-1.zip: 100%
2023-05-05T23:35:25.057Z [Modules] Fetching discord_rpc@1 from https://discord.com/api/modules/stable/discord_rpc/1
2023-05-05T23:35:25.057Z [Modules] Streaming discord_rpc@1 to /home/iselein/.config/discord/0.0.27/modules/pending/discord_rpc-1.zip
2023-05-05T23:35:25.057Z [Modules] Installing discord_game_utils@1 from /home/iselein/.config/discord/0.0.27/modules/pending/discord_game_utils-1.zip
2023-05-05T23:35:25.140Z [Modules] Finished module installations. [success: 1] [failure: 0]
2023-05-05T23:35:25.186Z [Modules] Streaming discord_rpc@1 to /home/iselein/.config/discord/0.0.27/modules/pending/discord_rpc-1.zip: 37%
2023-05-05T23:35:25.190Z [Modules] Streaming discord_rpc@1 to /home/iselein/.config/discord/0.0.27/modules/pending/discord_rpc-1.zip: 75%
2023-05-05T23:35:25.193Z [Modules] Streaming discord_rpc@1 to /home/iselein/.config/discord/0.0.27/modules/pending/discord_rpc-1.zip: 100%
2023-05-05T23:35:25.194Z [Modules] Finished module downloads. [success: 3] [failure: 0]
2023-05-05T23:35:25.194Z [Modules] Installing discord_rpc@1 from /home/iselein/.config/discord/0.0.27/modules/pending/discord_rpc-1.zip
2023-05-05T23:35:25.212Z [Modules] Finished module installations. [success: 1] [failure: 0]
